[0.078s] Invoking command in '/home/khanh/Documents/SLAM/ros_ws/build/rtabmap_util': AMENT_PREFIX_PATH=/home/khanh/Documents/SLAM/ros_ws/install/rtabmap_conversions:${AMENT_PREFIX_PATH} CMAKE_PREFIX_PATH=/home/khanh/Documents/SLAM/ros_ws/install/rtabmap_conversions:/opt/ros/humble:/home/khanh/Documents/SLAM/ros_ws/install/rtabmap_msgs:/home/khanh/Documents/SLAM/ros_ws/install/rtabmap LD_LIBRARY_PATH=/home/khanh/Documents/SLAM/ros_ws/install/rtabmap_conversions/lib:/home/khanh/Documents/SLAM/ros_ws/install/rtabmap_msgs/lib:/home/khanh/Documents/SLAM/ros_ws/install/rtabmap/lib:${LD_LIBRARY_PATH} PATH=/home/khanh/Documents/SLAM/ros_ws/install/rtabmap/bin:${PATH} PKG_CONFIG_PATH=/home/khanh/Documents/SLAM/ros_ws/install/rtabmap_msgs/lib/x86_64-linux-gnu/pkgconfig:/home/khanh/Documents/SLAM/ros_ws/install/rtabmap_msgs/lib/pkgconfig:/home/khanh/Documents/SLAM/ros_ws/install/rtabmap/lib/x86_64-linux-gnu/pkgconfig:/home/khanh/Documents/SLAM/ros_ws/install/rtabmap/lib/pkgconfig PYTHONPATH=/home/khanh/Documents/SLAM/ros_ws/install/rtabmap_msgs/local/lib/python3.10/dist-packages:${PYTHONPATH} ROS_PACKAGE_PATH=/home/khanh/Documents/SLAM/ros_ws/install/rtabmap_msgs/share /usr/bin/cmake /home/khanh/Documents/SLAM/ros_ws/src/rtabmap_ros/rtabmap_util -DCMAKE_BUILD_TYPE=Release -DAMENT_CMAKE_SYMLINK_INSTALL=1 -DCMAKE_INSTALL_PREFIX=/home/khanh/Documents/SLAM/ros_ws/install/rtabmap_util
[0.134s] -- The C compiler identification is GNU 11.4.0
[0.184s] -- The CXX compiler identification is GNU 11.4.0
[0.192s] -- Detecting C compiler ABI info
[0.258s] -- Detecting C compiler ABI info - done
[0.264s] -- Check for working C compiler: /usr/bin/cc - skipped
[0.264s] -- Detecting C compile features
[0.265s] -- Detecting C compile features - done
[0.267s] -- Detecting CXX compiler ABI info
[0.341s] -- Detecting CXX compiler ABI info - done
[0.347s] -- Check for working CXX compiler: /usr/bin/c++ - skipped
[0.347s] -- Detecting CXX compile features
[0.347s] -- Detecting CXX compile features - done
[0.355s] -- Found OpenCV: /usr (found version "4.5.4") found components: core calib3d imgproc highgui stitching photo video aruco missing components: xfeatures2d nonfree gpu cudafeatures2d
[0.369s] -- Checking for module 'eigen3'
[0.384s] --   Found eigen3, version 3.4.0
[0.418s] -- Found Eigen: /usr/include/eigen3 (Required is at least version "3.1") 
[0.418s] -- Eigen found (include: /usr/include/eigen3, version: 3.4.0)
[0.443s] -- Found Boost: /usr/lib/x86_64-linux-gnu/cmake/Boost-1.74.0/BoostConfig.cmake (found suitable version "1.74.0", minimum required is "1.65.0") found components: system filesystem date_time iostreams serialization 
[0.502s] -- Checking for module 'libusb-1.0'
[0.517s] --   Found libusb-1.0, version 1.0.25
[0.558s] -- Found libusb: /usr/lib/x86_64-linux-gnu/libusb-1.0.so  
[0.559s] -- Found OpenNI: /usr/lib/libOpenNI.so;libusb::libusb (found version "1.5.4.0") 
[0.559s] -- OpenNI found (version: 1.5.4.0, include: /usr/include/ni, lib: /usr/lib/libOpenNI.so;libusb::libusb)
[0.614s] -- Found OpenNI2: /usr/lib/x86_64-linux-gnu/libOpenNI2.so;libusb::libusb (found version "2.2.0.33") 
[0.614s] -- OpenNI2 found (version: 2.2.0.33, include: /usr/include/openni2, lib: /usr/lib/x86_64-linux-gnu/libOpenNI2.so;libusb::libusb)
[0.614s] [0m** WARNING ** io features related to pcap will be disabled[0m
[0.614s] [0m** WARNING ** io features related to png will be disabled[0m
[0.642s] -- Looking for pthread.h
[0.718s] -- Looking for pthread.h - found
[0.719s] -- Performing Test CMAKE_HAVE_LIBC_PTHREAD
[0.793s] -- Performing Test CMAKE_HAVE_LIBC_PTHREAD - Success
[0.794s] -- Found Threads: TRUE  
[0.795s] -- Found GLEW: /usr/lib/x86_64-linux-gnu/libGLEW.so  
[0.803s] -- Found OpenGL: /usr/lib/x86_64-linux-gnu/libOpenGL.so  found components: OpenGL GLX 
[0.941s] -- Found MPI_C: /usr/lib/x86_64-linux-gnu/libmpi.so (found version "3.1") 
[0.941s] -- Found MPI: TRUE (found version "3.1") found components: C 
[0.943s] -- Found JsonCpp: /usr/lib/x86_64-linux-gnu/libjsoncpp.so (found suitable version "1.9.5", minimum required is "0.7.0") 
[0.950s] -- Found ZLIB: /usr/lib/x86_64-linux-gnu/libz.so (found version "1.2.11") 
[0.964s] -- Found PNG: /usr/lib/x86_64-linux-gnu/libpng.so (found version "1.6.37") 
[0.974s] -- Found Eigen3: /usr/include/eigen3 (found version "3.4.0") 
[1.063s] -- Found X11: /usr/include   
[1.063s] -- Looking for XOpenDisplay in /usr/lib/x86_64-linux-gnu/libX11.so;/usr/lib/x86_64-linux-gnu/libXext.so
[1.138s] -- Looking for XOpenDisplay in /usr/lib/x86_64-linux-gnu/libX11.so;/usr/lib/x86_64-linux-gnu/libXext.so - found
[1.138s] -- Looking for gethostbyname
[1.214s] -- Looking for gethostbyname - found
[1.214s] -- Looking for connect
[1.288s] -- Looking for connect - found
[1.288s] -- Looking for remove
[1.362s] -- Looking for remove - found
[1.362s] -- Looking for shmat
[1.435s] -- Looking for shmat - found
[1.435s] -- Looking for IceConnectionNumber in ICE
[1.509s] -- Looking for IceConnectionNumber in ICE - found
[1.595s] -- Found EXPAT: /usr/lib/x86_64-linux-gnu/libexpat.so (found version "2.4.7") 
[1.596s] -- Found double-conversion: /usr/lib/x86_64-linux-gnu/libdouble-conversion.so  
[1.598s] -- Found LZ4: /usr/lib/x86_64-linux-gnu/liblz4.so (found version "1.9.3") 
[1.599s] -- Found LZMA: /usr/lib/x86_64-linux-gnu/liblzma.so (found version "5.2.5") 
[1.611s] -- Found JPEG: /usr/lib/x86_64-linux-gnu/libjpeg.so (found version "80") 
[1.616s] -- Found TIFF: /usr/lib/x86_64-linux-gnu/libtiff.so (found version "4.3.0")  
[1.619s] -- Found Freetype: /usr/lib/x86_64-linux-gnu/libfreetype.so (found version "2.11.1") 
[1.623s] -- Found utf8cpp: /usr/include/utf8cpp  
[1.650s] -- Eigen found (include: /usr/include/eigen3, version: 3.4.0)
[1.666s] -- Checking for module 'flann'
[1.681s] --   Found flann, version 1.9.1
[1.728s] -- Found FLANN: /usr/lib/x86_64-linux-gnu/libflann_cpp.so  
[1.729s] -- FLANN found (include: /usr/include, lib: /usr/lib/x86_64-linux-gnu/libflann_cpp.so)
[1.732s] -- Found Qhull version 8.0.2
[2.121s] -- OpenNI found (version: 1.5.4.0, include: /usr/include/ni, lib: /usr/lib/libOpenNI.so;libusb::libusb)
[2.128s] -- OpenNI2 found (version: 2.2.0.33, include: /usr/include/openni2, lib: /usr/lib/x86_64-linux-gnu/libOpenNI2.so;libusb::libusb)
[2.252s] -- looking for PCL_COMMON
[2.253s] -- Found PCL_COMMON: /usr/lib/x86_64-linux-gnu/libpcl_common.so  
[2.253s] -- looking for PCL_OCTREE
[2.254s] -- Found PCL_OCTREE: /usr/lib/x86_64-linux-gnu/libpcl_octree.so  
[2.254s] -- looking for PCL_IO
[2.254s] -- Found PCL_IO: /usr/lib/x86_64-linux-gnu/libpcl_io.so  
[2.255s] -- looking for PCL_KDTREE
[2.255s] -- Found PCL_KDTREE: /usr/lib/x86_64-linux-gnu/libpcl_kdtree.so  
[2.255s] -- looking for PCL_SEARCH
[2.256s] -- Found PCL_SEARCH: /usr/lib/x86_64-linux-gnu/libpcl_search.so  
[2.256s] -- looking for PCL_SURFACE
[2.257s] -- Found PCL_SURFACE: /usr/lib/x86_64-linux-gnu/libpcl_surface.so  
[2.257s] -- looking for PCL_FILTERS
[2.257s] -- Found PCL_FILTERS: /usr/lib/x86_64-linux-gnu/libpcl_filters.so  
[2.258s] -- looking for PCL_2D
[2.258s] -- Found PCL_2D: /usr/include/pcl-1.12  
[2.258s] -- looking for PCL_FEATURES
[2.258s] -- Found PCL_FEATURES: /usr/lib/x86_64-linux-gnu/libpcl_features.so  
[2.259s] -- looking for PCL_REGISTRATION
[2.259s] -- Found PCL_REGISTRATION: /usr/lib/x86_64-linux-gnu/libpcl_registration.so  
[2.259s] -- looking for PCL_SAMPLE_CONSENSUS
[2.260s] -- Found PCL_SAMPLE_CONSENSUS: /usr/lib/x86_64-linux-gnu/libpcl_sample_consensus.so  
[2.260s] -- looking for PCL_GEOMETRY
[2.260s] -- Found PCL_GEOMETRY: /usr/include/pcl-1.12  
[2.260s] -- looking for PCL_ML
[2.261s] -- Found PCL_ML: /usr/lib/x86_64-linux-gnu/libpcl_ml.so  
[2.261s] -- looking for PCL_SEGMENTATION
[2.262s] -- Found PCL_SEGMENTATION: /usr/lib/x86_64-linux-gnu/libpcl_segmentation.so  
[2.262s] -- looking for PCL_VISUALIZATION
[2.262s] -- Found PCL_VISUALIZATION: /usr/lib/x86_64-linux-gnu/libpcl_visualization.so  
[2.263s] -- Found PCL: pcl_common;pcl_octree;pcl_io;pcl_kdtree;pcl_search;pcl_surface;pcl_filters;pcl_features;pcl_registration;pcl_sample_consensus;pcl_ml;pcl_segmentation;pcl_visualization;Boost::system;Boost::filesystem;Boost::date_time;Boost::iostreams;Boost::serialization;/usr/lib/libOpenNI.so;libusb::libusb;/usr/lib/x86_64-linux-gnu/libOpenNI2.so;libusb::libusb;VTK::ChartsCore;VTK::CommonColor;VTK::CommonComputationalGeometry;VTK::CommonCore;VTK::CommonDataModel;VTK::CommonExecutionModel;VTK::CommonMath;VTK::CommonMisc;VTK::CommonTransforms;VTK::FiltersCore;VTK::FiltersExtraction;VTK::FiltersGeneral;VTK::FiltersGeometry;VTK::FiltersModeling;VTK::FiltersSources;VTK::ImagingCore;VTK::ImagingSources;VTK::InteractionImage;VTK::InteractionStyle;VTK::InteractionWidgets;VTK::IOCore;VTK::IOGeometry;VTK::IOImage;VTK::IOLegacy;VTK::IOPLY;VTK::RenderingAnnotation;VTK::RenderingCore;VTK::RenderingContext2D;VTK::RenderingLOD;VTK::RenderingFreeType;VTK::ViewsCore;VTK::ViewsContext2D;VTK::RenderingOpenGL2;VTK::GUISupportQt;FLANN::FLANN;QHULL::QHULL (Required is at least version "1.7") 
[2.270s] -- RTABMap=rtabmap::utilite;rtabmap::core;rtabmap::gui
[2.272s] -- Found ament_cmake: 1.3.6 (/opt/ros/humble/share/ament_cmake/cmake)
[2.420s] -- Found Python3: /usr/bin/python3.10 (found version "3.10.12") found components: Interpreter 
[2.473s] -- Override CMake install command with custom implementation using symlinks instead of copying resources
[2.503s] -- Found cv_bridge: 3.2.1 (/opt/ros/humble/share/cv_bridge/cmake)
[2.534s] -- Found rosidl_generator_c: 3.1.5 (/opt/ros/humble/share/rosidl_generator_c/cmake)
[2.538s] -- Found rosidl_adapter: 3.1.5 (/opt/ros/humble/share/rosidl_adapter/cmake)
[2.546s] -- Found rosidl_generator_cpp: 3.1.5 (/opt/ros/humble/share/rosidl_generator_cpp/cmake)
[2.558s] -- Using all available rosidl_typesupport_c: rosidl_typesupport_fastrtps_c;rosidl_typesupport_introspection_c
[2.575s] -- Using all available rosidl_typesupport_cpp: rosidl_typesupport_fastrtps_cpp;rosidl_typesupport_introspection_cpp
[2.760s] -- Found image_transport: 3.1.7 (/opt/ros/humble/share/image_transport/cmake)
[2.821s] -- Found rmw_implementation_cmake: 6.1.1 (/opt/ros/humble/share/rmw_implementation_cmake/cmake)
[2.824s] -- Found rmw_fastrtps_cpp: 6.2.5 (/opt/ros/humble/share/rmw_fastrtps_cpp/cmake)
[2.949s] -- Found OpenSSL: /usr/lib/x86_64-linux-gnu/libcrypto.so (found version "3.0.2")  
[2.979s] -- Found FastRTPS: /opt/ros/humble/include  
[3.034s] -- Using RMW implementation 'rmw_fastrtps_cpp' as default
[3.219s] -- Found rclcpp_components: 16.0.7 (/opt/ros/humble/share/rclcpp_components/cmake)
[3.273s] -- Found stereo_msgs: 4.2.3 (/opt/ros/humble/share/stereo_msgs/cmake)
[3.347s] -- Found nav_msgs: 4.2.3 (/opt/ros/humble/share/nav_msgs/cmake)
[3.415s] -- Found tf2: 0.25.5 (/opt/ros/humble/share/tf2/cmake)
[3.423s] -- Found tf2_geometry_msgs: 0.25.5 (/opt/ros/humble/share/tf2_geometry_msgs/cmake)
[3.438s] -- Found eigen3_cmake_module: 0.1.1 (/opt/ros/humble/share/eigen3_cmake_module/cmake)
[3.439s] -- Found Eigen3: TRUE (found version "3.4.0") 
[3.439s] -- Ensuring Eigen3 include directory is part of orocos-kdl CMake target
[3.665s] -- Found laser_geometry: 2.4.0 (/opt/ros/humble/share/laser_geometry/cmake)
[3.677s] -- Found pcl_conversions: 2.4.0 (/opt/ros/humble/share/pcl_conversions/cmake)
[3.779s] -- Found pcl_ros: 2.4.0 (/opt/ros/humble/share/pcl_ros/cmake)
[3.889s] -- Found rtabmap_msgs: 0.21.2 (/home/khanh/Documents/SLAM/ros_ws/install/rtabmap_msgs/share/rtabmap_msgs/cmake)
[3.944s] -- Found rtabmap_conversions: 0.21.2 (/home/khanh/Documents/SLAM/ros_ws/install/rtabmap_conversions/share/rtabmap_conversions/cmake)
[4.073s] -- Found octomap_msgs: 2.0.0 (/opt/ros/humble/share/octomap_msgs/cmake)
[4.132s] -- WITH octomap_msgs
[4.762s] -- Configuring done
[5.439s] -- Generating done
[5.446s] -- Build files have been written to: /home/khanh/Documents/SLAM/ros_ws/build/rtabmap_util
[5.480s] Invoked command in '/home/khanh/Documents/SLAM/ros_ws/build/rtabmap_util' returned '0': AMENT_PREFIX_PATH=/home/khanh/Documents/SLAM/ros_ws/install/rtabmap_conversions:${AMENT_PREFIX_PATH} CMAKE_PREFIX_PATH=/home/khanh/Documents/SLAM/ros_ws/install/rtabmap_conversions:/opt/ros/humble:/home/khanh/Documents/SLAM/ros_ws/install/rtabmap_msgs:/home/khanh/Documents/SLAM/ros_ws/install/rtabmap LD_LIBRARY_PATH=/home/khanh/Documents/SLAM/ros_ws/install/rtabmap_conversions/lib:/home/khanh/Documents/SLAM/ros_ws/install/rtabmap_msgs/lib:/home/khanh/Documents/SLAM/ros_ws/install/rtabmap/lib:${LD_LIBRARY_PATH} PATH=/home/khanh/Documents/SLAM/ros_ws/install/rtabmap/bin:${PATH} PKG_CONFIG_PATH=/home/khanh/Documents/SLAM/ros_ws/install/rtabmap_msgs/lib/x86_64-linux-gnu/pkgconfig:/home/khanh/Documents/SLAM/ros_ws/install/rtabmap_msgs/lib/pkgconfig:/home/khanh/Documents/SLAM/ros_ws/install/rtabmap/lib/x86_64-linux-gnu/pkgconfig:/home/khanh/Documents/SLAM/ros_ws/install/rtabmap/lib/pkgconfig PYTHONPATH=/home/khanh/Documents/SLAM/ros_ws/install/rtabmap_msgs/local/lib/python3.10/dist-packages:${PYTHONPATH} ROS_PACKAGE_PATH=/home/khanh/Documents/SLAM/ros_ws/install/rtabmap_msgs/share /usr/bin/cmake /home/khanh/Documents/SLAM/ros_ws/src/rtabmap_ros/rtabmap_util -DCMAKE_BUILD_TYPE=Release -DAMENT_CMAKE_SYMLINK_INSTALL=1 -DCMAKE_INSTALL_PREFIX=/home/khanh/Documents/SLAM/ros_ws/install/rtabmap_util
[5.483s] Invoking command in '/home/khanh/Documents/SLAM/ros_ws/build/rtabmap_util': AMENT_PREFIX_PATH=/home/khanh/Documents/SLAM/ros_ws/install/rtabmap_conversions:${AMENT_PREFIX_PATH} CMAKE_PREFIX_PATH=/home/khanh/Documents/SLAM/ros_ws/install/rtabmap_conversions:/opt/ros/humble:/home/khanh/Documents/SLAM/ros_ws/install/rtabmap_msgs:/home/khanh/Documents/SLAM/ros_ws/install/rtabmap LD_LIBRARY_PATH=/home/khanh/Documents/SLAM/ros_ws/install/rtabmap_conversions/lib:/home/khanh/Documents/SLAM/ros_ws/install/rtabmap_msgs/lib:/home/khanh/Documents/SLAM/ros_ws/install/rtabmap/lib:${LD_LIBRARY_PATH} PATH=/home/khanh/Documents/SLAM/ros_ws/install/rtabmap/bin:${PATH} PKG_CONFIG_PATH=/home/khanh/Documents/SLAM/ros_ws/install/rtabmap_msgs/lib/x86_64-linux-gnu/pkgconfig:/home/khanh/Documents/SLAM/ros_ws/install/rtabmap_msgs/lib/pkgconfig:/home/khanh/Documents/SLAM/ros_ws/install/rtabmap/lib/x86_64-linux-gnu/pkgconfig:/home/khanh/Documents/SLAM/ros_ws/install/rtabmap/lib/pkgconfig PYTHONPATH=/home/khanh/Documents/SLAM/ros_ws/install/rtabmap_msgs/local/lib/python3.10/dist-packages:${PYTHONPATH} ROS_PACKAGE_PATH=/home/khanh/Documents/SLAM/ros_ws/install/rtabmap_msgs/share /usr/bin/cmake --build /home/khanh/Documents/SLAM/ros_ws/build/rtabmap_util
[5.575s] [  5%] [32mBuilding CXX object CMakeFiles/rtabmap_util_plugins.dir/src/MapsManager.cpp.o[0m
[5.576s] [  8%] [32mBuilding CXX object CMakeFiles/rtabmap_util_plugins.dir/src/nodelets/point_cloud_xyz.cpp.o[0m
[5.576s] [ 11%] [32mBuilding CXX object CMakeFiles/rtabmap_util_plugins.dir/src/nodelets/pointcloud_to_depthimage.cpp.o[0m
[5.577s] [ 11%] [32mBuilding CXX object CMakeFiles/rtabmap_util_plugins.dir/src/nodelets/point_cloud_xyzrgb.cpp.o[0m
[5.589s] [ 14%] [32mBuilding CXX object CMakeFiles/rtabmap_util_plugins.dir/src/nodelets/disparity_to_depth.cpp.o[0m
[5.589s] [ 17%] [32mBuilding CXX object CMakeFiles/rtabmap_util_plugins.dir/src/nodelets/obstacles_detection.cpp.o[0m
[6.281s] In file included from [01m[K/home/khanh/Documents/SLAM/ros_ws/src/rtabmap_ros/rtabmap_util/src/nodelets/obstacles_detection.cpp:28[m[K:
[6.281s] [01m[K/home/khanh/Documents/SLAM/ros_ws/src/rtabmap_ros/rtabmap_util/include/rtabmap_util/obstacles_detection.hpp:36:10:[m[K [01;31m[Kfatal error: [m[Krtabmap/core/LocalGridMaker.h: No such file or directory
[6.281s]    36 | #include [01;31m[K<rtabmap/core/LocalGridMaker.h>[m[K
[6.281s]       |          [01;31m[K^~~~~~~~~~~~~~~~~~~~~~~~~~~~~~~[m[K
[6.281s] compilation terminated.
[6.286s] gmake[2]: *** [CMakeFiles/rtabmap_util_plugins.dir/build.make:146: CMakeFiles/rtabmap_util_plugins.dir/src/nodelets/obstacles_detection.cpp.o] Error 1
[6.287s] gmake[2]: *** Waiting for unfinished jobs....
[7.837s] In file included from [01m[K/home/khanh/Documents/SLAM/ros_ws/src/rtabmap_ros/rtabmap_util/src/MapsManager.cpp:27[m[K:
[7.838s] [01m[K/home/khanh/Documents/SLAM/ros_ws/src/rtabmap_ros/rtabmap_util/include/rtabmap_util/MapsManager.h:34:10:[m[K [01;31m[Kfatal error: [m[Krtabmap/core/LocalGrid.h: No such file or directory
[7.838s]    34 | #include [01;31m[K<rtabmap/core/LocalGrid.h>[m[K
[7.838s]       |          [01;31m[K^~~~~~~~~~~~~~~~~~~~~~~~~~[m[K
[7.838s] compilation terminated.
[7.881s] gmake[2]: *** [CMakeFiles/rtabmap_util_plugins.dir/build.make:76: CMakeFiles/rtabmap_util_plugins.dir/src/MapsManager.cpp.o] Error 1
[426.535s] [01m[Kc++:[m[K [01;31m[Kfatal error: [m[KKilled signal terminated program cc1plus
[426.539s] compilation terminated.
[426.539s] gmake[2]: *** [CMakeFiles/rtabmap_util_plugins.dir/build.make:104: CMakeFiles/rtabmap_util_plugins.dir/src/nodelets/point_cloud_xyz.cpp.o] Error 1
[446.666s] gmake[1]: *** [CMakeFiles/Makefile2:159: CMakeFiles/rtabmap_util_plugins.dir/all] Error 2
[446.667s] gmake: *** [Makefile:146: all] Error 2
