[0.000000] (-) TimerEvent: {}
[0.000615] (-) JobUnselected: {'identifier': 'astra_camera'}
[0.000668] (-) JobUnselected: {'identifier': 'astra_camera_msgs'}
[0.000734] (sllidar_ros2) JobQueued: {'identifier': 'sllidar_ros2', 'dependencies': OrderedDict()}
[0.000789] (sllidar_ros2) JobStarted: {'identifier': 'sllidar_ros2'}
[0.052097] (sllidar_ros2) JobProgress: {'identifier': 'sllidar_ros2', 'progress': 'cmake'}
[0.052673] (sllidar_ros2) JobProgress: {'identifier': 'sllidar_ros2', 'progress': 'build'}
[0.053181] (sllidar_ros2) Command: {'cmd': ['/usr/bin/cmake', '--build', '/SLAM/ros_ws/build/sllidar_ros2', '--', '-j16', '-l16'], 'cwd': '/SLAM/ros_ws/build/sllidar_ros2', 'env': OrderedDict([('HOSTNAME', 'acer'), ('GIT_ASKPASS', '/home/ros/.vscode-server/bin/0ee08df0cf4527e40edc9aa28f4b5bd38bbff2b2/extensions/git/dist/askpass.sh'), ('SHLVL', '2'), ('LD_LIBRARY_PATH', '/SLAM/ros_ws/install/orbbec_camera/lib:/SLAM/ros_ws/install/orbbec_camera_msgs/lib:/SLAM/ros_ws/install/libuvc/lib:/SLAM/ros_ws/install/glog/lib:/SLAM/ros_ws/install/astra_camera/lib:/SLAM/ros_ws/install/astra_camera_msgs/lib:/opt/ros/humble/opt/rviz_ogre_vendor/lib:/opt/ros/humble/lib/x86_64-linux-gnu:/opt/ros/humble/lib'), ('BROWSER', '/home/ros/.vscode-server/bin/0ee08df0cf4527e40edc9aa28f4b5bd38bbff2b2/bin/helpers/browser.sh'), ('HOME', '/home/ros'), ('OLDPWD', '/SLAM'), ('TERM_PROGRAM_VERSION', '1.85.1'), ('VSCODE_IPC_HOOK_CLI', '/tmp/vscode-ipc-b7726fe3-f37c-447c-a611-e1ae35a23584.sock'), ('ROS_PYTHON_VERSION', '3'), ('VSCODE_GIT_ASKPASS_MAIN', '/home/ros/.vscode-server/bin/0ee08df0cf4527e40edc9aa28f4b5bd38bbff2b2/extensions/git/dist/askpass-main.js'), ('VSCODE_GIT_ASKPASS_NODE', '/home/ros/.vscode-server/bin/0ee08df0cf4527e40edc9aa28f4b5bd38bbff2b2/node'), ('COLORTERM', 'truecolor'), ('REMOTE_CONTAINERS', 'true'), ('COLCON_PREFIX_PATH', '/SLAM/ros_ws/install'), ('ROS_DISTRO', 'humble'), ('REMOTE_CONTAINERS_IPC', '/tmp/vscode-remote-containers-ipc-9412e913-db53-416a-8d3d-f7f55bf78b13.sock'), ('_', '/usr/bin/colcon'), ('ROS_VERSION', '2'), ('PKG_CONFIG_PATH', '/SLAM/ros_ws/install/magic_enum/lib/x86_64-linux-gnu/pkgconfig:/SLAM/ros_ws/install/magic_enum/lib/pkgconfig:/SLAM/ros_ws/install/libuvc/lib/pkgconfig'), ('TERM', 'xterm-256color'), ('ROS_LOCALHOST_ONLY', '0'), ('PATH', '/home/ros/.vscode-server/bin/0ee08df0cf4527e40edc9aa28f4b5bd38bbff2b2/bin/remote-cli:/opt/ros/humble/bin:/usr/local/sbin:/usr/local/bin:/usr/sbin:/usr/bin:/sbin:/bin'), ('REMOTE_CONTAINERS_SOCKETS', '["/tmp/vscode-ssh-auth-9412e913-db53-416a-8d3d-f7f55bf78b13.sock","/tmp/.X11-unix/X12","/home/ros/.gnupg/S.gpg-agent"]'), ('DISPLAY', ':1'), ('LANG', 'C.UTF-8'), ('VSCODE_GIT_IPC_HANDLE', '/tmp/vscode-git-b0d69a0cdc.sock'), ('TERM_PROGRAM', 'vscode'), ('SSH_AUTH_SOCK', '/tmp/vscode-ssh-auth-9412e913-db53-416a-8d3d-f7f55bf78b13.sock'), ('AMENT_PREFIX_PATH', '/SLAM/ros_ws/install/sllidar_ros2:/SLAM/ros_ws/install/orbbec_description:/SLAM/ros_ws/install/orbbec_camera:/SLAM/ros_ws/install/orbbec_camera_msgs:/SLAM/ros_ws/install/astra_camera_msgs:/opt/ros/humble'), ('REMOTE_CONTAINERS_DISPLAY_SOCK', '/tmp/.X11-unix/X12'), ('SHELL', '/bin/bash'), ('CMAKE_MODULE_PATH', '/SLAM/ros_ws/install/libuvc/lib/cmake/libuvc:/SLAM/ros_ws/install/glog/share/glog/cmake'), ('VSCODE_GIT_ASKPASS_EXTRA_ARGS', ''), ('PWD', '/SLAM/ros_ws/build/sllidar_ros2'), ('LC_ALL', 'C.UTF-8'), ('PYTHONPATH', '/SLAM/ros_ws/install/orbbec_camera_msgs/local/lib/python3.10/dist-packages:/SLAM/ros_ws/install/astra_camera_msgs/local/lib/python3.10/dist-packages:/opt/ros/humble/lib/python3.10/site-packages:/opt/ros/humble/local/lib/python3.10/dist-packages'), ('COLCON', '1'), ('CMAKE_PREFIX_PATH', '/SLAM/ros_ws/install/sllidar_ros2:/SLAM/ros_ws/install/orbbec_description:/SLAM/ros_ws/install/orbbec_camera:/SLAM/ros_ws/install/orbbec_camera_msgs:/SLAM/ros_ws/install/magic_enum:/SLAM/ros_ws/install/libuvc:/SLAM/ros_ws/install/glog:/SLAM/ros_ws/install/astra_camera:/SLAM/ros_ws/install/astra_camera_msgs:/opt/ros/humble')]), 'shell': False}
[0.099787] (-) TimerEvent: {}
[0.101175] (sllidar_ros2) StdoutLine: {'line': b'\x1b[35m\x1b[1mConsolidate compiler generated dependencies of target sllidar_node\x1b[0m\n'}
[0.117107] (sllidar_ros2) StdoutLine: {'line': b'[ 10%] Built target sllidar_client\n'}
[0.143098] (sllidar_ros2) StdoutLine: {'line': b'[ 15%] \x1b[32mBuilding CXX object CMakeFiles/sllidar_node.dir/src/sllidar_node.cpp.o\x1b[0m\n'}
[0.199898] (-) TimerEvent: {}
[0.300162] (-) TimerEvent: {}
[0.400441] (-) TimerEvent: {}
[0.500705] (-) TimerEvent: {}
[0.601017] (-) TimerEvent: {}
[0.701306] (-) TimerEvent: {}
[0.801584] (-) TimerEvent: {}
[0.901858] (-) TimerEvent: {}
[1.002142] (-) TimerEvent: {}
[1.102416] (-) TimerEvent: {}
[1.202692] (-) TimerEvent: {}
[1.302992] (-) TimerEvent: {}
[1.403280] (-) TimerEvent: {}
[1.503558] (-) TimerEvent: {}
[1.603847] (-) TimerEvent: {}
[1.704128] (-) TimerEvent: {}
[1.804394] (-) TimerEvent: {}
[1.904665] (-) TimerEvent: {}
[1.973332] (sllidar_ros2) StderrLine: {'line': b'In file included from \x1b[01m\x1b[K/SLAM/ros_ws/src/sllidar_ros2/./sdk/include/sl_lidar_cmd.h:41\x1b[m\x1b[K,\n'}
[1.973540] (sllidar_ros2) StderrLine: {'line': b'                 from \x1b[01m\x1b[K/SLAM/ros_ws/src/sllidar_ros2/./sdk/include/sl_lidar_driver.h:54\x1b[m\x1b[K,\n'}
[1.973629] (sllidar_ros2) StderrLine: {'line': b'                 from \x1b[01m\x1b[K/SLAM/ros_ws/src/sllidar_ros2/./sdk/include/sl_lidar.h:36\x1b[m\x1b[K,\n'}
[1.973707] (sllidar_ros2) StderrLine: {'line': b'                 from \x1b[01m\x1b[K/SLAM/ros_ws/src/sllidar_ros2/src/sllidar_node.cpp:38\x1b[m\x1b[K:\n'}
[1.973837] (sllidar_ros2) StderrLine: {'line': b'\x1b[01m\x1b[K/SLAM/ros_ws/src/sllidar_ros2/./sdk/include/sl_lidar_protocol.h:66:16:\x1b[m\x1b[K \x1b[01;35m\x1b[Kwarning: \x1b[m\x1b[KISO C++ forbids zero-size array \xe2\x80\x98\x1b[01m\x1b[Kdata\x1b[m\x1b[K\xe2\x80\x99 [\x1b[01;35m\x1b[K\x1b]8;;https://gcc.gnu.org/onlinedocs/gcc/Warning-Options.html#index-Wpedantic\x07-Wpedantic\x1b]8;;\x07\x1b[m\x1b[K]\n'}
[1.973904] (sllidar_ros2) StderrLine: {'line': b'   66 |     sl_u8 data[\x1b[01;35m\x1b[K0\x1b[m\x1b[K];\n'}
[1.973965] (sllidar_ros2) StderrLine: {'line': b'      |                \x1b[01;35m\x1b[K^\x1b[m\x1b[K\n'}
[1.974029] (sllidar_ros2) StderrLine: {'line': b'In file included from \x1b[01m\x1b[K/SLAM/ros_ws/src/sllidar_ros2/./sdk/include/sl_lidar_driver.h:54\x1b[m\x1b[K,\n'}
[1.974089] (sllidar_ros2) StderrLine: {'line': b'                 from \x1b[01m\x1b[K/SLAM/ros_ws/src/sllidar_ros2/./sdk/include/sl_lidar.h:36\x1b[m\x1b[K,\n'}
[1.974147] (sllidar_ros2) StderrLine: {'line': b'                 from \x1b[01m\x1b[K/SLAM/ros_ws/src/sllidar_ros2/src/sllidar_node.cpp:38\x1b[m\x1b[K:\n'}
[1.974205] (sllidar_ros2) StderrLine: {'line': b'\x1b[01m\x1b[K/SLAM/ros_ws/src/sllidar_ros2/./sdk/include/sl_lidar_cmd.h:324:20:\x1b[m\x1b[K \x1b[01;35m\x1b[Kwarning: \x1b[m\x1b[KISO C++ forbids zero-size array \xe2\x80\x98\x1b[01m\x1b[Kpayload\x1b[m\x1b[K\xe2\x80\x99 [\x1b[01;35m\x1b[K\x1b]8;;https://gcc.gnu.org/onlinedocs/gcc/Warning-Options.html#index-Wpedantic\x07-Wpedantic\x1b]8;;\x07\x1b[m\x1b[K]\n'}
[1.974266] (sllidar_ros2) StderrLine: {'line': b'  324 |     sl_u8  payload[\x1b[01;35m\x1b[K0\x1b[m\x1b[K];\n'}
[1.974323] (sllidar_ros2) StderrLine: {'line': b'      |                    \x1b[01;35m\x1b[K^\x1b[m\x1b[K\n'}
[2.004764] (-) TimerEvent: {}
[2.013461] (sllidar_ros2) StderrLine: {'line': b'\x1b[01m\x1b[K/SLAM/ros_ws/src/sllidar_ros2/src/sllidar_node.cpp:\x1b[m\x1b[K In member function \xe2\x80\x98\x1b[01m\x1b[Kint SLlidarNode::work_loop()\x1b[m\x1b[K\xe2\x80\x99:\n'}
[2.013651] (sllidar_ros2) StderrLine: {'line': b'\x1b[01m\x1b[K/SLAM/ros_ws/src/sllidar_ros2/src/sllidar_node.cpp:311:52:\x1b[m\x1b[K \x1b[01;31m\x1b[Kerror: \x1b[m\x1b[K\xe2\x80\x98\x1b[01m\x1b[Kendln\x1b[m\x1b[K\xe2\x80\x99 was not declared in this scope\n'}
[2.013746] (sllidar_ros2) StderrLine: {'line': b'  311 |         std::cout << "Scan mode: " << scan_mode << \x1b[01;31m\x1b[Kendln\x1b[m\x1b[K;\n'}
[2.013824] (sllidar_ros2) StderrLine: {'line': b'      |                                                    \x1b[01;31m\x1b[K^~~~~\x1b[m\x1b[K\n'}
[2.104878] (-) TimerEvent: {}
[2.205158] (-) TimerEvent: {}
[2.305452] (-) TimerEvent: {}
[2.405741] (-) TimerEvent: {}
[2.506024] (-) TimerEvent: {}
[2.606315] (-) TimerEvent: {}
[2.706602] (-) TimerEvent: {}
[2.762563] (sllidar_ros2) StderrLine: {'line': b'gmake[2]: *** [CMakeFiles/sllidar_node.dir/build.make:76: CMakeFiles/sllidar_node.dir/src/sllidar_node.cpp.o] Error 1\n'}
[2.762866] (sllidar_ros2) StderrLine: {'line': b'gmake[1]: *** [CMakeFiles/Makefile2:139: CMakeFiles/sllidar_node.dir/all] Error 2\n'}
[2.763162] (sllidar_ros2) StderrLine: {'line': b'gmake: *** [Makefile:146: all] Error 2\n'}
[2.765636] (sllidar_ros2) CommandEnded: {'returncode': 2}
[2.806693] (-) TimerEvent: {}
[2.903625] (sllidar_ros2) JobEnded: {'identifier': 'sllidar_ros2', 'rc': 2}
[2.906833] (-) TimerEvent: {}
[2.914371] (-) EventReactorShutdown: {}
