In file included from [01m[K/SLAM/ros_ws/src/sllidar_ros2/./sdk/include/sl_lidar_cmd.h:41[m[K,
                 from [01m[K/SLAM/ros_ws/src/sllidar_ros2/./sdk/include/sl_lidar_driver.h:54[m[K,
                 from [01m[K/SLAM/ros_ws/src/sllidar_ros2/./sdk/include/sl_lidar.h:36[m[K,
                 from [01m[K/SLAM/ros_ws/src/sllidar_ros2/src/sllidar_node.cpp:38[m[K:
[01m[K/SLAM/ros_ws/src/sllidar_ros2/./sdk/include/sl_lidar_protocol.h:66:16:[m[K [01;35m[Kwarning: [m[KISO C++ forbids zero-size array â€˜[01m[Kdata[m[Kâ€™ [[01;35m[K]8;;https://gcc.gnu.org/onlinedocs/gcc/Warning-Options.html#index-Wpedantic-Wpedantic]8;;[m[K]
   66 |     sl_u8 data[[01;35m[K0[m[K];
      |                [01;35m[K^[m[K
In file included from [01m[K/SLAM/ros_ws/src/sllidar_ros2/./sdk/include/sl_lidar_driver.h:54[m[K,
                 from [01m[K/SLAM/ros_ws/src/sllidar_ros2/./sdk/include/sl_lidar.h:36[m[K,
                 from [01m[K/SLAM/ros_ws/src/sllidar_ros2/src/sllidar_node.cpp:38[m[K:
[01m[K/SLAM/ros_ws/src/sllidar_ros2/./sdk/include/sl_lidar_cmd.h:324:20:[m[K [01;35m[Kwarning: [m[KISO C++ forbids zero-size array â€˜[01m[Kpayload[m[Kâ€™ [[01;35m[K]8;;https://gcc.gnu.org/onlinedocs/gcc/Warning-Options.html#index-Wpedantic-Wpedantic]8;;[m[K]
  324 |     sl_u8  payload[[01;35m[K0[m[K];
      |                    [01;35m[K^[m[K
[01m[K/SLAM/ros_ws/src/sllidar_ros2/src/sllidar_node.cpp:[m[K In member function â€˜[01m[Kint SLlidarNode::work_loop()[m[Kâ€™:
[01m[K/SLAM/ros_ws/src/sllidar_ros2/src/sllidar_node.cpp:314:9:[m[K [01;31m[Kerror: [m[Kexpected â€˜[01m[K;[m[Kâ€™ before â€˜[01m[Kstd[m[Kâ€™
  314 |         [01;31m[Kstd[m[K::cout << "Scan mode: " << scan_mode << std::endl;
      |         [01;31m[K^~~[m[K
gmake[2]: *** [CMakeFiles/sllidar_node.dir/build.make:76: CMakeFiles/sllidar_node.dir/src/sllidar_node.cpp.o] Error 1
gmake[1]: *** [CMakeFiles/Makefile2:139: CMakeFiles/sllidar_node.dir/all] Error 2
gmake: *** [Makefile:146: all] Error 2
