[0.087s] Invoking command in '/SLAM/ros_ws/build/rtabmap_sync': AMENT_PREFIX_PATH=/SLAM/ros_ws/install/rtabmap_conversions:${AMENT_PREFIX_PATH} CMAKE_PREFIX_PATH=/SLAM/ros_ws/install/rtabmap_conversions:/opt/ros/humble:/SLAM/ros_ws/install/rtabmap_msgs:/SLAM/ros_ws/install/rtabmap LD_LIBRARY_PATH=/SLAM/ros_ws/install/rtabmap_conversions/lib:/SLAM/ros_ws/install/rtabmap_msgs/lib:/SLAM/ros_ws/install/rtabmap/lib:${LD_LIBRARY_PATH} PATH=/SLAM/ros_ws/install/rtabmap/bin:${PATH} PKG_CONFIG_PATH=/SLAM/ros_ws/install/rtabmap_msgs/lib/x86_64-linux-gnu/pkgconfig:/SLAM/ros_ws/install/rtabmap_msgs/lib/pkgconfig:/SLAM/ros_ws/install/rtabmap/lib/x86_64-linux-gnu/pkgconfig:/SLAM/ros_ws/install/rtabmap/lib/pkgconfig PYTHONPATH=/SLAM/ros_ws/install/rtabmap_msgs/local/lib/python3.10/dist-packages:${PYTHONPATH} ROS_PACKAGE_PATH=/SLAM/ros_ws/install/rtabmap_msgs/share /usr/bin/cmake /SLAM/ros_ws/src/rtabmap_ros/rtabmap_sync -DAMENT_CMAKE_SYMLINK_INSTALL=1 -DCMAKE_INSTALL_PREFIX=/SLAM/ros_ws/install/rtabmap_sync
[0.100s] -- Found cv_bridge: 3.2.1 (/opt/ros/humble/share/cv_bridge/cmake)
[0.207s] -- Override CMake install command with custom implementation using symlinks instead of copying resources
[0.271s] -- Found rosidl_generator_c: 3.1.5 (/opt/ros/humble/share/rosidl_generator_c/cmake)
[0.275s] -- Found rosidl_adapter: 3.1.5 (/opt/ros/humble/share/rosidl_adapter/cmake)
[0.283s] -- Found rosidl_generator_cpp: 3.1.5 (/opt/ros/humble/share/rosidl_generator_cpp/cmake)
[0.297s] -- Using all available rosidl_typesupport_c: rosidl_typesupport_fastrtps_c;rosidl_typesupport_introspection_c
[0.314s] -- Using all available rosidl_typesupport_cpp: rosidl_typesupport_fastrtps_cpp;rosidl_typesupport_introspection_cpp
[0.490s] -- Found image_transport: 3.1.7 (/opt/ros/humble/share/image_transport/cmake)
[0.549s] -- Found rmw_implementation_cmake: 6.1.1 (/opt/ros/humble/share/rmw_implementation_cmake/cmake)
[0.551s] -- Found rmw_fastrtps_cpp: 6.2.5 (/opt/ros/humble/share/rmw_fastrtps_cpp/cmake)
[0.700s] -- Using RMW implementation 'rmw_fastrtps_cpp' as default
[0.861s] -- Found nav_msgs: 4.2.3 (/opt/ros/humble/share/nav_msgs/cmake)
[0.926s] -- Found rclcpp_components: 16.0.7 (/opt/ros/humble/share/rclcpp_components/cmake)
[0.973s] -- Found rtabmap_conversions: 0.21.3 (/SLAM/ros_ws/install/rtabmap_conversions/share/rtabmap_conversions/cmake)
[1.464s] -- Ensuring Eigen3 include directory is part of orocos-kdl CMake target
[1.488s] -- Eigen found (include: /usr/include/eigen3, version: 3.4.0)
[1.506s] -- OpenNI found (version: 1.5.4.0, include: /usr/include/ni, lib: /usr/lib/libOpenNI.so;libusb::libusb)
[1.513s] -- OpenNI2 found (version: 2.2.0.33, include: /usr/include/openni2, lib: /usr/lib/x86_64-linux-gnu/libOpenNI2.so;libusb::libusb)
[1.763s] -- Eigen found (include: /usr/include/eigen3, version: 3.4.0)
[1.791s] -- FLANN found (include: /usr/include, lib: /usr/lib/x86_64-linux-gnu/libflann_cpp.so)
[1.792s] -- Found Qhull version 8.0.2
[2.140s] -- OpenNI found (version: 1.5.4.0, include: /usr/include/ni, lib: /usr/lib/libOpenNI.so;libusb::libusb)
[2.147s] -- OpenNI2 found (version: 2.2.0.33, include: /usr/include/openni2, lib: /usr/lib/x86_64-linux-gnu/libOpenNI2.so;libusb::libusb)
[2.279s] -- Found diagnostic_updater: 3.1.2 (/opt/ros/humble/share/diagnostic_updater/cmake)
[2.334s] -- RTABMAP_SYNC_MULTI_RGBD = OFF
[2.335s] -- RTABMAP_SYNC_USER_DATA  = OFF
[2.406s] -- Configuring done
[2.597s] -- Generating done
[2.600s] -- Build files have been written to: /SLAM/ros_ws/build/rtabmap_sync
[2.615s] Invoked command in '/SLAM/ros_ws/build/rtabmap_sync' returned '0': AMENT_PREFIX_PATH=/SLAM/ros_ws/install/rtabmap_conversions:${AMENT_PREFIX_PATH} CMAKE_PREFIX_PATH=/SLAM/ros_ws/install/rtabmap_conversions:/opt/ros/humble:/SLAM/ros_ws/install/rtabmap_msgs:/SLAM/ros_ws/install/rtabmap LD_LIBRARY_PATH=/SLAM/ros_ws/install/rtabmap_conversions/lib:/SLAM/ros_ws/install/rtabmap_msgs/lib:/SLAM/ros_ws/install/rtabmap/lib:${LD_LIBRARY_PATH} PATH=/SLAM/ros_ws/install/rtabmap/bin:${PATH} PKG_CONFIG_PATH=/SLAM/ros_ws/install/rtabmap_msgs/lib/x86_64-linux-gnu/pkgconfig:/SLAM/ros_ws/install/rtabmap_msgs/lib/pkgconfig:/SLAM/ros_ws/install/rtabmap/lib/x86_64-linux-gnu/pkgconfig:/SLAM/ros_ws/install/rtabmap/lib/pkgconfig PYTHONPATH=/SLAM/ros_ws/install/rtabmap_msgs/local/lib/python3.10/dist-packages:${PYTHONPATH} ROS_PACKAGE_PATH=/SLAM/ros_ws/install/rtabmap_msgs/share /usr/bin/cmake /SLAM/ros_ws/src/rtabmap_ros/rtabmap_sync -DAMENT_CMAKE_SYMLINK_INSTALL=1 -DCMAKE_INSTALL_PREFIX=/SLAM/ros_ws/install/rtabmap_sync
[2.617s] Invoking command in '/SLAM/ros_ws/build/rtabmap_sync': AMENT_PREFIX_PATH=/SLAM/ros_ws/install/rtabmap_conversions:${AMENT_PREFIX_PATH} CMAKE_PREFIX_PATH=/SLAM/ros_ws/install/rtabmap_conversions:/opt/ros/humble:/SLAM/ros_ws/install/rtabmap_msgs:/SLAM/ros_ws/install/rtabmap LD_LIBRARY_PATH=/SLAM/ros_ws/install/rtabmap_conversions/lib:/SLAM/ros_ws/install/rtabmap_msgs/lib:/SLAM/ros_ws/install/rtabmap/lib:${LD_LIBRARY_PATH} PATH=/SLAM/ros_ws/install/rtabmap/bin:${PATH} PKG_CONFIG_PATH=/SLAM/ros_ws/install/rtabmap_msgs/lib/x86_64-linux-gnu/pkgconfig:/SLAM/ros_ws/install/rtabmap_msgs/lib/pkgconfig:/SLAM/ros_ws/install/rtabmap/lib/x86_64-linux-gnu/pkgconfig:/SLAM/ros_ws/install/rtabmap/lib/pkgconfig PYTHONPATH=/SLAM/ros_ws/install/rtabmap_msgs/local/lib/python3.10/dist-packages:${PYTHONPATH} ROS_PACKAGE_PATH=/SLAM/ros_ws/install/rtabmap_msgs/share /usr/bin/cmake --build /SLAM/ros_ws/build/rtabmap_sync
[2.665s] [35m[1mConsolidate compiler generated dependencies of target rtabmap_sync[0m
[2.667s] [35m[1mConsolidate compiler generated dependencies of target rtabmap_sync_plugins[0m
[2.695s] [  8%] [32mBuilding CXX object CMakeFiles/rtabmap_sync.dir/src/impl/CommonDataSubscriberDepth.cpp.o[0m
[2.695s] [  8%] [32mBuilding CXX object CMakeFiles/rtabmap_sync.dir/src/CommonDataSubscriber.cpp.o[0m
[2.702s] [ 21%] [32mBuilding CXX object CMakeFiles/rtabmap_sync.dir/src/impl/CommonDataSubscriberRGBD.cpp.o[0m
[2.702s] [ 21%] [32mBuilding CXX object CMakeFiles/rtabmap_sync.dir/src/impl/CommonDataSubscriberRGB.cpp.o[0m
[2.702s] [ 21%] [32mBuilding CXX object CMakeFiles/rtabmap_sync.dir/src/impl/CommonDataSubscriberRGBDX.cpp.o[0m
[2.703s] [ 26%] [32mBuilding CXX object CMakeFiles/rtabmap_sync_plugins.dir/src/nodelets/rgbdx_sync.cpp.o[0m
[31.631s] [01m[Kc++:[m[K [01;31m[Kfatal error: [m[KKilled signal terminated program cc1plus
[31.633s] compilation terminated.
[31.640s] gmake[2]: *** [CMakeFiles/rtabmap_sync.dir/build.make:76: CMakeFiles/rtabmap_sync.dir/src/CommonDataSubscriber.cpp.o] Error 1
[31.641s] gmake[2]: *** Waiting for unfinished jobs....
[31.791s] [ 30%] [32mBuilding CXX object CMakeFiles/rtabmap_sync_plugins.dir/src/nodelets/rgb_sync.cpp.o[0m
[41.609s] [01m[Kc++:[m[K [01;31m[Kfatal error: [m[KKilled signal terminated program cc1plus
[41.611s] compilation terminated.
[41.613s] gmake[2]: *** [CMakeFiles/rtabmap_sync.dir/build.make:90: CMakeFiles/rtabmap_sync.dir/src/impl/CommonDataSubscriberDepth.cpp.o] Error 1
[55.636s] [ 34%] [32m[1mLinking CXX shared library librtabmap_sync_plugins.so[0m
[57.458s] [ 43%] Built target rtabmap_sync_plugins
[57.497s] [ 47%] [32mBuilding CXX object CMakeFiles/rtabmap_rgbdx_sync.dir/src/RGBDXSyncNode.cpp.o[0m
[57.498s] [ 56%] [32mBuilding CXX object CMakeFiles/rtabmap_stereo_sync.dir/src/StereoSyncNode.cpp.o[0m
[57.499s] [ 56%] [32mBuilding CXX object CMakeFiles/rtabmap_rgbd_sync.dir/src/RGBDSyncNode.cpp.o[0m
[62.001s] [ 60%] [32mBuilding CXX object CMakeFiles/rtabmap_rgb_sync.dir/src/RGBSyncNode.cpp.o[0m
[68.312s] [ 65%] [32m[1mLinking CXX executable stereo_sync[0m
[68.405s] [ 69%] [32m[1mLinking CXX executable rgbd_sync[0m
[68.847s] [ 73%] [32m[1mLinking CXX executable rgbdx_sync[0m
[69.734s] [ 73%] Built target rtabmap_rgbd_sync
[69.741s] [ 73%] Built target rtabmap_stereo_sync
[69.969s] [ 73%] Built target rtabmap_rgbdx_sync
[71.161s] [ 78%] [32m[1mLinking CXX executable rgb_sync[0m
[72.288s] [ 78%] Built target rtabmap_rgb_sync
[77.201s] gmake[1]: *** [CMakeFiles/Makefile2:147: CMakeFiles/rtabmap_sync.dir/all] Error 2
[77.201s] gmake: *** [Makefile:146: all] Error 2
[77.205s] Invoked command in '/SLAM/ros_ws/build/rtabmap_sync' returned '2': AMENT_PREFIX_PATH=/SLAM/ros_ws/install/rtabmap_conversions:${AMENT_PREFIX_PATH} CMAKE_PREFIX_PATH=/SLAM/ros_ws/install/rtabmap_conversions:/opt/ros/humble:/SLAM/ros_ws/install/rtabmap_msgs:/SLAM/ros_ws/install/rtabmap LD_LIBRARY_PATH=/SLAM/ros_ws/install/rtabmap_conversions/lib:/SLAM/ros_ws/install/rtabmap_msgs/lib:/SLAM/ros_ws/install/rtabmap/lib:${LD_LIBRARY_PATH} PATH=/SLAM/ros_ws/install/rtabmap/bin:${PATH} PKG_CONFIG_PATH=/SLAM/ros_ws/install/rtabmap_msgs/lib/x86_64-linux-gnu/pkgconfig:/SLAM/ros_ws/install/rtabmap_msgs/lib/pkgconfig:/SLAM/ros_ws/install/rtabmap/lib/x86_64-linux-gnu/pkgconfig:/SLAM/ros_ws/install/rtabmap/lib/pkgconfig PYTHONPATH=/SLAM/ros_ws/install/rtabmap_msgs/local/lib/python3.10/dist-packages:${PYTHONPATH} ROS_PACKAGE_PATH=/SLAM/ros_ws/install/rtabmap_msgs/share /usr/bin/cmake --build /SLAM/ros_ws/build/rtabmap_sync
