[0.894s] Invoking command in '/SLAM/ros_ws/build/examples_rclcpp_multithreaded_executor': CMAKE_PREFIX_PATH=/SLAM/ros_ws/install/image_pipeline:/SLAM/ros_ws/install/stereo_image_proc:/SLAM/ros_ws/install/image_proc:/SLAM/ros_ws/install/tracetools_image_pipeline:/SLAM/ros_ws/install/sllidar_ros2:/SLAM/ros_ws/install/rtabmap_ros:/SLAM/ros_ws/install/rtabmap_launch:/SLAM/ros_ws/install/rtabmap_examples:/SLAM/ros_ws/install/rtabmap_demos:/SLAM/ros_ws/install/rtabmap_viz:/SLAM/ros_ws/install/rtabmap_slam:/SLAM/ros_ws/install/rtabmap_odom:/SLAM/ros_ws/install/rtabmap_util:/SLAM/ros_ws/install/rtabmap_sync:/SLAM/ros_ws/install/rtabmap_rviz_plugins:/SLAM/ros_ws/install/rtabmap_conversions:/SLAM/ros_ws/install/rtabmap_python:/SLAM/ros_ws/install/camera_calibration:/opt/ros/humble:/SLAM/ros_ws/install/rtabmap_msgs:/SLAM/ros_ws/install/rtabmap:/SLAM/ros_ws/install/image_view:/SLAM/ros_ws/install/image_rotate:/SLAM/ros_ws/install/astra_camera:/SLAM/ros_ws/install/image_publisher:/SLAM/ros_ws/install/depth_image_proc:/SLAM/ros_ws/install/astra_camera_msgs /usr/bin/cmake /SLAM/ros_ws/src/examples/rclcpp/executors/multithreaded_executor -DAMENT_CMAKE_SYMLINK_INSTALL=1 -DCMAKE_INSTALL_PREFIX=/SLAM/ros_ws/install/examples_rclcpp_multithreaded_executor
[2.732s] -- The C compiler identification is GNU 11.4.0
[2.732s] -- The CXX compiler identification is GNU 11.4.0
[2.732s] -- Detecting C compiler ABI info
[2.732s] -- Detecting C compiler ABI info - done
[2.732s] -- Check for working C compiler: /usr/bin/cc - skipped
[2.733s] -- Detecting C compile features
[2.733s] -- Detecting C compile features - done
[2.733s] -- Detecting CXX compiler ABI info
[2.733s] -- Detecting CXX compiler ABI info - done
[2.733s] -- Check for working CXX compiler: /usr/bin/c++ - skipped
[2.733s] -- Detecting CXX compile features
[2.733s] -- Detecting CXX compile features - done
[2.733s] -- Found ament_cmake: 1.3.6 (/opt/ros/humble/share/ament_cmake/cmake)
[2.976s] -- Found Python3: /usr/bin/python3.10 (found version "3.10.12") found components: Interpreter 
[3.328s] -- Override CMake install command with custom implementation using symlinks instead of copying resources
[3.699s] -- Found rclcpp: 16.0.7 (/opt/ros/humble/share/rclcpp/cmake)
[4.142s] -- Found rosidl_generator_c: 3.1.5 (/opt/ros/humble/share/rosidl_generator_c/cmake)
[4.219s] -- Found rosidl_adapter: 3.1.5 (/opt/ros/humble/share/rosidl_adapter/cmake)
[4.310s] -- Found rosidl_generator_cpp: 3.1.5 (/opt/ros/humble/share/rosidl_generator_cpp/cmake)
[4.429s] -- Using all available rosidl_typesupport_c: rosidl_typesupport_fastrtps_c;rosidl_typesupport_introspection_c
[4.577s] -- Using all available rosidl_typesupport_cpp: rosidl_typesupport_fastrtps_cpp;rosidl_typesupport_introspection_cpp
[5.026s] -- Found rmw_implementation_cmake: 6.1.1 (/opt/ros/humble/share/rmw_implementation_cmake/cmake)
[5.052s] -- Found rmw_fastrtps_cpp: 6.2.5 (/opt/ros/humble/share/rmw_fastrtps_cpp/cmake)
[6.017s] -- Found OpenSSL: /usr/lib/x86_64-linux-gnu/libcrypto.so (found version "3.0.2")  
[6.168s] -- Found FastRTPS: /opt/ros/humble/include  
[6.452s] -- Using RMW implementation 'rmw_fastrtps_cpp' as default
[6.534s] -- Looking for pthread.h
[6.811s] -- Looking for pthread.h - found
[6.812s] -- Performing Test CMAKE_HAVE_LIBC_PTHREAD
[7.283s] -- Performing Test CMAKE_HAVE_LIBC_PTHREAD - Success
[7.284s] -- Found Threads: TRUE  
[7.800s] -- Found ament_lint_auto: 0.12.9 (/opt/ros/humble/share/ament_lint_auto/cmake)
[8.326s] -- Added test 'copyright' to check source files copyright and LICENSE
[8.328s] -- Added test 'cppcheck' to perform static code analysis on C / C++ code
[8.328s] -- Configured cppcheck include dirs: 
[8.329s] -- Configured cppcheck exclude dirs and/or files: 
[8.345s] -- Added test 'cpplint' to check C / C++ code against the Google style
[8.345s] -- Configured cpplint exclude dirs and/or files: 
[8.348s] -- Added test 'lint_cmake' to check CMake code style
[8.351s] -- Added test 'uncrustify' to check C / C++ code style
[8.352s] -- Configured uncrustify additional arguments: 
[8.355s] -- Added test 'xmllint' to check XML markup files
[8.367s] -- Configuring done
[8.429s] -- Generating done
[8.435s] -- Build files have been written to: /SLAM/ros_ws/build/examples_rclcpp_multithreaded_executor
[9.741s] Invoked command in '/SLAM/ros_ws/build/examples_rclcpp_multithreaded_executor' returned '0': CMAKE_PREFIX_PATH=/SLAM/ros_ws/install/image_pipeline:/SLAM/ros_ws/install/stereo_image_proc:/SLAM/ros_ws/install/image_proc:/SLAM/ros_ws/install/tracetools_image_pipeline:/SLAM/ros_ws/install/sllidar_ros2:/SLAM/ros_ws/install/rtabmap_ros:/SLAM/ros_ws/install/rtabmap_launch:/SLAM/ros_ws/install/rtabmap_examples:/SLAM/ros_ws/install/rtabmap_demos:/SLAM/ros_ws/install/rtabmap_viz:/SLAM/ros_ws/install/rtabmap_slam:/SLAM/ros_ws/install/rtabmap_odom:/SLAM/ros_ws/install/rtabmap_util:/SLAM/ros_ws/install/rtabmap_sync:/SLAM/ros_ws/install/rtabmap_rviz_plugins:/SLAM/ros_ws/install/rtabmap_conversions:/SLAM/ros_ws/install/rtabmap_python:/SLAM/ros_ws/install/camera_calibration:/opt/ros/humble:/SLAM/ros_ws/install/rtabmap_msgs:/SLAM/ros_ws/install/rtabmap:/SLAM/ros_ws/install/image_view:/SLAM/ros_ws/install/image_rotate:/SLAM/ros_ws/install/astra_camera:/SLAM/ros_ws/install/image_publisher:/SLAM/ros_ws/install/depth_image_proc:/SLAM/ros_ws/install/astra_camera_msgs /usr/bin/cmake /SLAM/ros_ws/src/examples/rclcpp/executors/multithreaded_executor -DAMENT_CMAKE_SYMLINK_INSTALL=1 -DCMAKE_INSTALL_PREFIX=/SLAM/ros_ws/install/examples_rclcpp_multithreaded_executor
[9.742s] Invoking command in '/SLAM/ros_ws/build/examples_rclcpp_multithreaded_executor': CMAKE_PREFIX_PATH=/SLAM/ros_ws/install/image_pipeline:/SLAM/ros_ws/install/stereo_image_proc:/SLAM/ros_ws/install/image_proc:/SLAM/ros_ws/install/tracetools_image_pipeline:/SLAM/ros_ws/install/sllidar_ros2:/SLAM/ros_ws/install/rtabmap_ros:/SLAM/ros_ws/install/rtabmap_launch:/SLAM/ros_ws/install/rtabmap_examples:/SLAM/ros_ws/install/rtabmap_demos:/SLAM/ros_ws/install/rtabmap_viz:/SLAM/ros_ws/install/rtabmap_slam:/SLAM/ros_ws/install/rtabmap_odom:/SLAM/ros_ws/install/rtabmap_util:/SLAM/ros_ws/install/rtabmap_sync:/SLAM/ros_ws/install/rtabmap_rviz_plugins:/SLAM/ros_ws/install/rtabmap_conversions:/SLAM/ros_ws/install/rtabmap_python:/SLAM/ros_ws/install/camera_calibration:/opt/ros/humble:/SLAM/ros_ws/install/rtabmap_msgs:/SLAM/ros_ws/install/rtabmap:/SLAM/ros_ws/install/image_view:/SLAM/ros_ws/install/image_rotate:/SLAM/ros_ws/install/astra_camera:/SLAM/ros_ws/install/image_publisher:/SLAM/ros_ws/install/depth_image_proc:/SLAM/ros_ws/install/astra_camera_msgs /usr/bin/cmake --build /SLAM/ros_ws/build/examples_rclcpp_multithreaded_executor -- -j16 -l16
[10.735s] [ 50%] [32mBuilding CXX object CMakeFiles/multithreaded_executor.dir/multithreaded_executor.cpp.o[0m
[15.900s] In file included from [01m[K/opt/ros/humble/include/rclcpp/rclcpp/logging.hpp:24[m[K,
[15.900s]                  from [01m[K/opt/ros/humble/include/rclcpp/rclcpp/client.hpp:40[m[K,
[15.900s]                  from [01m[K/opt/ros/humble/include/rclcpp/rclcpp/callback_group.hpp:24[m[K,
[15.900s]                  from [01m[K/opt/ros/humble/include/rclcpp/rclcpp/any_executable.hpp:20[m[K,
[15.900s]                  from [01m[K/opt/ros/humble/include/rclcpp/rclcpp/memory_strategy.hpp:25[m[K,
[15.900s]                  from [01m[K/opt/ros/humble/include/rclcpp/rclcpp/memory_strategies.hpp:18[m[K,
[15.901s]                  from [01m[K/opt/ros/humble/include/rclcpp/rclcpp/executor_options.hpp:20[m[K,
[15.901s]                  from [01m[K/opt/ros/humble/include/rclcpp/rclcpp/executor.hpp:37[m[K,
[15.901s]                  from [01m[K/opt/ros/humble/include/rclcpp/rclcpp/executors/multi_threaded_executor.hpp:25[m[K,
[15.901s]                  from [01m[K/opt/ros/humble/include/rclcpp/rclcpp/executors.hpp:21[m[K,
[15.901s]                  from [01m[K/opt/ros/humble/include/rclcpp/rclcpp/rclcpp.hpp:155[m[K,
[15.901s]                  from [01m[K/SLAM/ros_ws/src/examples/rclcpp/executors/multithreaded_executor/multithreaded_executor.cpp:20[m[K:
[15.901s] [01m[K/SLAM/ros_ws/src/examples/rclcpp/executors/multithreaded_executor/multithreaded_executor.cpp:[m[K In lambda function:
[15.902s] [01m[K/SLAM/ros_ws/src/examples/rclcpp/executors/multithreaded_executor/multithreaded_executor.cpp:56:41:[m[K [01;31m[Kerror: [m[Kcannot convert â€˜[01m[Kstd::__cxx11::basic_string<char>[m[Kâ€™ to â€˜[01m[Kconst char*[m[Kâ€™
[15.902s]    56 |         RCLCPP_INFO(this->get_logger(), [01;31m[Kinfo_message[m[K, message.data.c_str());
[15.902s]       |                                         [01;31m[K^~~~~~~~~~~~[m[K
[15.902s]       |                                         [01;31m[K|[m[K
[15.902s]       |                                         [01;31m[Kstd::__cxx11::basic_string<char>[m[K
[15.902s] In file included from [01m[K/opt/ros/humble/include/rmw/rmw/types.h:28[m[K,
[15.902s]                  from [01m[K/opt/ros/humble/include/rcl/rcl/types.h:20[m[K,
[15.902s]                  from [01m[K/opt/ros/humble/include/rcl/rcl/log_level.h:22[m[K,
[15.902s]                  from [01m[K/opt/ros/humble/include/rcl/rcl/arguments.h:21[m[K,
[15.903s]                  from [01m[K/opt/ros/humble/include/rcl/rcl/context.h:28[m[K,
[15.903s]                  from [01m[K/opt/ros/humble/include/rcl/rcl/guard_condition.h:26[m[K,
[15.903s]                  from [01m[K/opt/ros/humble/include/rclcpp/rclcpp/executor.hpp:30[m[K,
[15.903s]                  from [01m[K/opt/ros/humble/include/rclcpp/rclcpp/executors/multi_threaded_executor.hpp:25[m[K,
[15.903s]                  from [01m[K/opt/ros/humble/include/rclcpp/rclcpp/executors.hpp:21[m[K,
[15.903s]                  from [01m[K/opt/ros/humble/include/rclcpp/rclcpp/rclcpp.hpp:155[m[K,
[15.903s]                  from [01m[K/SLAM/ros_ws/src/examples/rclcpp/executors/multithreaded_executor/multithreaded_executor.cpp:20[m[K:
[15.903s] [01m[K/opt/ros/humble/include/rcutils/rcutils/logging.h:479:16:[m[K [01;36m[Knote: [m[K  initializing argument 4 of â€˜[01m[Kvoid rcutils_log(const rcutils_log_location_t*, int, const char*, const char*, ...)[m[Kâ€™
[15.904s]   479 |   [01;36m[Kconst char * format[m[K,
[15.904s]       |   [01;36m[K~~~~~~~~~~~~~^~~~~~[m[K
[15.965s] In file included from [01m[K/opt/ros/humble/include/rclcpp/rclcpp/logging.hpp:24[m[K,
[15.965s]                  from [01m[K/opt/ros/humble/include/rclcpp/rclcpp/client.hpp:40[m[K,
[15.966s]                  from [01m[K/opt/ros/humble/include/rclcpp/rclcpp/callback_group.hpp:24[m[K,
[15.966s]                  from [01m[K/opt/ros/humble/include/rclcpp/rclcpp/any_executable.hpp:20[m[K,
[15.966s]                  from [01m[K/opt/ros/humble/include/rclcpp/rclcpp/memory_strategy.hpp:25[m[K,
[15.966s]                  from [01m[K/opt/ros/humble/include/rclcpp/rclcpp/memory_strategies.hpp:18[m[K,
[15.966s]                  from [01m[K/opt/ros/humble/include/rclcpp/rclcpp/executor_options.hpp:20[m[K,
[15.966s]                  from [01m[K/opt/ros/humble/include/rclcpp/rclcpp/executor.hpp:37[m[K,
[15.966s]                  from [01m[K/opt/ros/humble/include/rclcpp/rclcpp/executors/multi_threaded_executor.hpp:25[m[K,
[15.966s]                  from [01m[K/opt/ros/humble/include/rclcpp/rclcpp/executors.hpp:21[m[K,
[15.967s]                  from [01m[K/opt/ros/humble/include/rclcpp/rclcpp/rclcpp.hpp:155[m[K,
[15.967s]                  from [01m[K/SLAM/ros_ws/src/examples/rclcpp/executors/multithreaded_executor/multithreaded_executor.cpp:20[m[K:
[15.967s] [01m[K/SLAM/ros_ws/src/examples/rclcpp/executors/multithreaded_executor/multithreaded_executor.cpp:[m[K In member function â€˜[01m[Kvoid DualThreadedNode::subscriber1_cb(std_msgs::msg::String_<std::allocator<void> >::SharedPtr)[m[Kâ€™:
[15.967s] [01m[K/SLAM/ros_ws/src/examples/rclcpp/executors/multithreaded_executor/multithreaded_executor.cpp:138:37:[m[K [01;31m[Kerror: [m[Kcannot convert â€˜[01m[Kstd::__cxx11::basic_string<char>[m[Kâ€™ to â€˜[01m[Kconst char*[m[Kâ€™
[15.967s]   138 |     RCLCPP_INFO(this->get_logger(), [01;31m[Kthread_string[m[K, msg->data.c_str());
[15.967s]       |                                     [01;31m[K^~~~~~~~~~~~~[m[K
[15.967s]       |                                     [01;31m[K|[m[K
[15.967s]       |                                     [01;31m[Kstd::__cxx11::basic_string<char>[m[K
[15.967s] In file included from [01m[K/opt/ros/humble/include/rmw/rmw/types.h:28[m[K,
[15.967s]                  from [01m[K/opt/ros/humble/include/rcl/rcl/types.h:20[m[K,
[15.968s]                  from [01m[K/opt/ros/humble/include/rcl/rcl/log_level.h:22[m[K,
[15.968s]                  from [01m[K/opt/ros/humble/include/rcl/rcl/arguments.h:21[m[K,
[15.968s]                  from [01m[K/opt/ros/humble/include/rcl/rcl/context.h:28[m[K,
[15.968s]                  from [01m[K/opt/ros/humble/include/rcl/rcl/guard_condition.h:26[m[K,
[15.968s]                  from [01m[K/opt/ros/humble/include/rclcpp/rclcpp/executor.hpp:30[m[K,
[15.968s]                  from [01m[K/opt/ros/humble/include/rclcpp/rclcpp/executors/multi_threaded_executor.hpp:25[m[K,
[15.968s]                  from [01m[K/opt/ros/humble/include/rclcpp/rclcpp/executors.hpp:21[m[K,
[15.968s]                  from [01m[K/opt/ros/humble/include/rclcpp/rclcpp/rclcpp.hpp:155[m[K,
[15.969s]                  from [01m[K/SLAM/ros_ws/src/examples/rclcpp/executors/multithreaded_executor/multithreaded_executor.cpp:20[m[K:
[15.969s] [01m[K/opt/ros/humble/include/rcutils/rcutils/logging.h:479:16:[m[K [01;36m[Knote: [m[K  initializing argument 4 of â€˜[01m[Kvoid rcutils_log(const rcutils_log_location_t*, int, const char*, const char*, ...)[m[Kâ€™
[15.969s]   479 |   [01;36m[Kconst char * format[m[K,
[15.969s]       |   [01;36m[K~~~~~~~~~~~~~^~~~~~[m[K
[15.969s] In file included from [01m[K/opt/ros/humble/include/rclcpp/rclcpp/logging.hpp:24[m[K,
[15.969s]                  from [01m[K/opt/ros/humble/include/rclcpp/rclcpp/client.hpp:40[m[K,
[15.969s]                  from [01m[K/opt/ros/humble/include/rclcpp/rclcpp/callback_group.hpp:24[m[K,
[15.969s]                  from [01m[K/opt/ros/humble/include/rclcpp/rclcpp/any_executable.hpp:20[m[K,
[15.970s]                  from [01m[K/opt/ros/humble/include/rclcpp/rclcpp/memory_strategy.hpp:25[m[K,
[15.970s]                  from [01m[K/opt/ros/humble/include/rclcpp/rclcpp/memory_strategies.hpp:18[m[K,
[15.970s]                  from [01m[K/opt/ros/humble/include/rclcpp/rclcpp/executor_options.hpp:20[m[K,
[15.970s]                  from [01m[K/opt/ros/humble/include/rclcpp/rclcpp/executor.hpp:37[m[K,
[15.970s]                  from [01m[K/opt/ros/humble/include/rclcpp/rclcpp/executors/multi_threaded_executor.hpp:25[m[K,
[15.970s]                  from [01m[K/opt/ros/humble/include/rclcpp/rclcpp/executors.hpp:21[m[K,
[15.970s]                  from [01m[K/opt/ros/humble/include/rclcpp/rclcpp/rclcpp.hpp:155[m[K,
[15.970s]                  from [01m[K/SLAM/ros_ws/src/examples/rclcpp/executors/multithreaded_executor/multithreaded_executor.cpp:20[m[K:
[15.970s] [01m[K/SLAM/ros_ws/src/examples/rclcpp/executors/multithreaded_executor/multithreaded_executor.cpp:[m[K In member function â€˜[01m[Kvoid DualThreadedNode::subscriber2_cb(std_msgs::msg::String_<std::allocator<void> >::SharedPtr)[m[Kâ€™:
[15.971s] [01m[K/SLAM/ros_ws/src/examples/rclcpp/executors/multithreaded_executor/multithreaded_executor.cpp:154:37:[m[K [01;31m[Kerror: [m[Kcannot convert â€˜[01m[Kstd::__cxx11::basic_string<char>[m[Kâ€™ to â€˜[01m[Kconst char*[m[Kâ€™
[15.971s]   154 |     RCLCPP_INFO(this->get_logger(), [01;31m[Kthread_string[m[K, msg->data.c_str());
[15.971s]       |                                     [01;31m[K^~~~~~~~~~~~~[m[K
[15.971s]       |                                     [01;31m[K|[m[K
[15.971s]       |                                     [01;31m[Kstd::__cxx11::basic_string<char>[m[K
[15.971s] In file included from [01m[K/opt/ros/humble/include/rmw/rmw/types.h:28[m[K,
[15.971s]                  from [01m[K/opt/ros/humble/include/rcl/rcl/types.h:20[m[K,
[15.971s]                  from [01m[K/opt/ros/humble/include/rcl/rcl/log_level.h:22[m[K,
[15.971s]                  from [01m[K/opt/ros/humble/include/rcl/rcl/arguments.h:21[m[K,
[15.971s]                  from [01m[K/opt/ros/humble/include/rcl/rcl/context.h:28[m[K,
[15.972s]                  from [01m[K/opt/ros/humble/include/rcl/rcl/guard_condition.h:26[m[K,
[15.972s]                  from [01m[K/opt/ros/humble/include/rclcpp/rclcpp/executor.hpp:30[m[K,
[15.972s]                  from [01m[K/opt/ros/humble/include/rclcpp/rclcpp/executors/multi_threaded_executor.hpp:25[m[K,
[15.972s]                  from [01m[K/opt/ros/humble/include/rclcpp/rclcpp/executors.hpp:21[m[K,
[15.972s]                  from [01m[K/opt/ros/humble/include/rclcpp/rclcpp/rclcpp.hpp:155[m[K,
[15.972s]                  from [01m[K/SLAM/ros_ws/src/examples/rclcpp/executors/multithreaded_executor/multithreaded_executor.cpp:20[m[K:
[15.972s] [01m[K/opt/ros/humble/include/rcutils/rcutils/logging.h:479:16:[m[K [01;36m[Knote: [m[K  initializing argument 4 of â€˜[01m[Kvoid rcutils_log(const rcutils_log_location_t*, int, const char*, const char*, ...)[m[Kâ€™
[15.972s]   479 |   [01;36m[Kconst char * format[m[K,
[15.972s]       |   [01;36m[K~~~~~~~~~~~~~^~~~~~[m[K
[18.617s] gmake[2]: *** [CMakeFiles/multithreaded_executor.dir/build.make:76: CMakeFiles/multithreaded_executor.dir/multithreaded_executor.cpp.o] Error 1
[18.617s] gmake[1]: *** [CMakeFiles/Makefile2:137: CMakeFiles/multithreaded_executor.dir/all] Error 2
[18.618s] gmake: *** [Makefile:146: all] Error 2
