[  5%] [32mBuilding CXX object CMakeFiles/astra_camera.dir/src/point_cloud_proc/point_cloud_xyzrgb.cpp.o[0m
[01m[K/SLAM/ros_ws/src/ros2_astra_camera/astra_camera/src/point_cloud_proc/point_cloud_xyzrgb.cpp:[m[K In constructor â€˜[01m[Kastra_camera::PointCloudXyzrgbNode::PointCloudXyzrgbNode(rclcpp::Node*, std::shared_ptr<astra_camera::Parameters>)[m[Kâ€™:
[01m[K/SLAM/ros_ws/src/ros2_astra_camera/astra_camera/src/point_cloud_proc/point_cloud_xyzrgb.cpp:93:3:[m[K [01;31m[Kerror: [m[Kâ€˜[01m[Kprinf[m[Kâ€™ was not declared in this scope; did you mean â€˜[01m[Kprintf[m[Kâ€™?
   93 |   [01;31m[Kprinf[m[K("PointCloud, Create publisher\r\n");
      |   [01;31m[K^~~~~[m[K
      |   [32m[Kprintf[m[K
gmake[2]: *** [CMakeFiles/astra_camera.dir/build.make:90: CMakeFiles/astra_camera.dir/src/point_cloud_proc/point_cloud_xyzrgb.cpp.o] Error 1
gmake[1]: *** [CMakeFiles/Makefile2:143: CMakeFiles/astra_camera.dir/all] Error 2
gmake: *** [Makefile:146: all] Error 2
