[0.148s] Invoking command in '/SLAM/ros_ws/build/astra_camera': CMAKE_PREFIX_PATH=/SLAM/ros_ws/install/image_publisher:/SLAM/ros_ws/install/astra_camera_msgs:/SLAM/ros_ws/install/image_pipeline:/SLAM/ros_ws/install/stereo_image_proc:/SLAM/ros_ws/install/image_proc:/SLAM/ros_ws/install/tracetools_image_pipeline:/SLAM/ros_ws/install/sllidar_ros2:/SLAM/ros_ws/install/image_view:/SLAM/ros_ws/install/image_rotate:/SLAM/ros_ws/install/astra_camera:/SLAM/ros_ws/install/depth_image_proc:/SLAM/ros_ws/install/camera_calibration:/opt/ros/humble LD_LIBRARY_PATH=/SLAM/ros_ws/install/image_publisher/lib:/SLAM/ros_ws/install/astra_camera_msgs/lib:/SLAM/ros_ws/install/stereo_image_proc/lib:/SLAM/ros_ws/install/image_proc/lib:/SLAM/ros_ws/install/tracetools_image_pipeline/lib:/SLAM/ros_ws/install/image_view/lib:/SLAM/ros_ws/install/image_rotate/lib:/SLAM/ros_ws/install/astra_camera/lib:/SLAM/ros_ws/install/depth_image_proc/lib:/opt/ros/humble/opt/rviz_ogre_vendor/lib:/opt/ros/humble/lib/x86_64-linux-gnu:/opt/ros/humble/lib /usr/bin/cmake --build /SLAM/ros_ws/build/astra_camera -- -j16 -l16
[0.247s] [  5%] [32mBuilding CXX object CMakeFiles/astra_camera.dir/src/point_cloud_proc/point_cloud_xyzrgb.cpp.o[0m
[5.161s] [01m[K/SLAM/ros_ws/src/ros2_astra_camera/astra_camera/src/point_cloud_proc/point_cloud_xyzrgb.cpp:[m[K In constructor â€˜[01m[Kastra_camera::PointCloudXyzrgbNode::PointCloudXyzrgbNode(rclcpp::Node*, std::shared_ptr<astra_camera::Parameters>)[m[Kâ€™:
[5.161s] [01m[K/SLAM/ros_ws/src/ros2_astra_camera/astra_camera/src/point_cloud_proc/point_cloud_xyzrgb.cpp:93:3:[m[K [01;31m[Kerror: [m[Kâ€˜[01m[Kprinf[m[Kâ€™ was not declared in this scope; did you mean â€˜[01m[Kprintf[m[Kâ€™?
[5.161s]    93 |   [01;31m[Kprinf[m[K("PointCloud, Create publisher\r\n");
[5.161s]       |   [01;31m[K^~~~~[m[K
[5.162s]       |   [32m[Kprintf[m[K
[8.874s] gmake[2]: *** [CMakeFiles/astra_camera.dir/build.make:90: CMakeFiles/astra_camera.dir/src/point_cloud_proc/point_cloud_xyzrgb.cpp.o] Error 1
[8.875s] gmake[1]: *** [CMakeFiles/Makefile2:143: CMakeFiles/astra_camera.dir/all] Error 2
[8.875s] gmake: *** [Makefile:146: all] Error 2
[8.878s] Invoked command in '/SLAM/ros_ws/build/astra_camera' returned '2': CMAKE_PREFIX_PATH=/SLAM/ros_ws/install/image_publisher:/SLAM/ros_ws/install/astra_camera_msgs:/SLAM/ros_ws/install/image_pipeline:/SLAM/ros_ws/install/stereo_image_proc:/SLAM/ros_ws/install/image_proc:/SLAM/ros_ws/install/tracetools_image_pipeline:/SLAM/ros_ws/install/sllidar_ros2:/SLAM/ros_ws/install/image_view:/SLAM/ros_ws/install/image_rotate:/SLAM/ros_ws/install/astra_camera:/SLAM/ros_ws/install/depth_image_proc:/SLAM/ros_ws/install/camera_calibration:/opt/ros/humble LD_LIBRARY_PATH=/SLAM/ros_ws/install/image_publisher/lib:/SLAM/ros_ws/install/astra_camera_msgs/lib:/SLAM/ros_ws/install/stereo_image_proc/lib:/SLAM/ros_ws/install/image_proc/lib:/SLAM/ros_ws/install/tracetools_image_pipeline/lib:/SLAM/ros_ws/install/image_view/lib:/SLAM/ros_ws/install/image_rotate/lib:/SLAM/ros_ws/install/astra_camera/lib:/SLAM/ros_ws/install/depth_image_proc/lib:/opt/ros/humble/opt/rviz_ogre_vendor/lib:/opt/ros/humble/lib/x86_64-linux-gnu:/opt/ros/humble/lib /usr/bin/cmake --build /SLAM/ros_ws/build/astra_camera -- -j16 -l16
