[ 17%] [32mBuilding CXX object CMakeFiles/astra_camera.dir/src/point_cloud_proc/point_cloud_xyz.cpp.o[0m
[ 17%] [32mBuilding CXX object CMakeFiles/astra_camera.dir/src/dynamic_params.cpp.o[0m
[ 29%] [32mBuilding CXX object CMakeFiles/astra_camera.dir/src/ob_camera_node_factory.cpp.o[0m
[ 29%] [32mBuilding CXX object CMakeFiles/astra_camera.dir/src/ob_timer_filter.cpp.o[0m
[ 35%] [32mBuilding CXX object CMakeFiles/astra_camera.dir/src/ros_param_backend.cpp.o[0m
[ 52%] [32mBuilding CXX object CMakeFiles/astra_camera.dir/src/uvc_camera_driver.cpp.o[0m
[ 52%] [32mBuilding CXX object CMakeFiles/astra_camera.dir/src/point_cloud_proc/point_cloud_xyzrgb.cpp.o[0m
[ 52%] [32mBuilding CXX object CMakeFiles/astra_camera.dir/src/utils.cpp.o[0m
[ 58%] [32mBuilding CXX object CMakeFiles/astra_camera.dir/src/ros_service.cpp.o[0m
[ 58%] [32mBuilding CXX object CMakeFiles/astra_camera.dir/src/ob_camera_info.cpp.o[0m
[ 64%] [32mBuilding CXX object CMakeFiles/astra_camera.dir/src/ob_context.cpp.o[0m
[ 70%] [32mBuilding CXX object CMakeFiles/astra_camera.dir/src/ob_camera_node.cpp.o[0m
In file included from [01m[K/SLAM/ros_ws/src/ros_astra_camera/astra_camera/include/astra_camera/ob_camera_node_factory.h:23[m[K,
                 from [01m[K/SLAM/ros_ws/src/ros_astra_camera/astra_camera/src/ob_camera_node_factory.cpp:15[m[K:
[01m[K/SLAM/ros_ws/src/ros_astra_camera/astra_camera/include/astra_camera/ob_camera_node.h:49:10:[m[K [01;31m[Kfatal error: [m[Kob_frame_listener.h: No such file or directory
   49 | #include [01;31m[K"ob_frame_listener.h"[m[K
      |          [01;31m[K^~~~~~~~~~~~~~~~~~~~~[m[K
compilation terminated.
In file included from [01m[K/SLAM/ros_ws/src/ros_astra_camera/astra_camera/src/ros_service.cpp:19[m[K:
[01m[K/SLAM/ros_ws/src/ros_astra_camera/astra_camera/include/astra_camera/ob_camera_node.h:49:10:[m[K [01;31m[Kfatal error: [m[Kob_frame_listener.h: No such file or directory
   49 | #include [01;31m[K"ob_frame_listener.h"[m[K
      |          [01;31m[K^~~~~~~~~~~~~~~~~~~~~[m[K
compilation terminated.
gmake[2]: *** [CMakeFiles/astra_camera.dir/build.make:160: CMakeFiles/astra_camera.dir/src/ob_camera_node_factory.cpp.o] Error 1
gmake[2]: *** Waiting for unfinished jobs....
gmake[2]: *** [CMakeFiles/astra_camera.dir/build.make:202: CMakeFiles/astra_camera.dir/src/ros_service.cpp.o] Error 1
In file included from [01m[K/SLAM/ros_ws/src/ros_astra_camera/astra_camera/src/ob_camera_info.cpp:18[m[K:
[01m[K/SLAM/ros_ws/src/ros_astra_camera/astra_camera/include/astra_camera/ob_camera_node.h:49:10:[m[K [01;31m[Kfatal error: [m[Kob_frame_listener.h: No such file or directory
   49 | #include [01;31m[K"ob_frame_listener.h"[m[K
      |          [01;31m[K^~~~~~~~~~~~~~~~~~~~~[m[K
compilation terminated.
gmake[2]: *** [CMakeFiles/astra_camera.dir/build.make:132: CMakeFiles/astra_camera.dir/src/ob_camera_info.cpp.o] Error 1
In file included from [01m[K/SLAM/ros_ws/src/ros_astra_camera/astra_camera/src/ob_camera_node.cpp:13[m[K:
[01m[K/SLAM/ros_ws/src/ros_astra_camera/astra_camera/include/astra_camera/ob_camera_node.h:49:10:[m[K [01;31m[Kfatal error: [m[Kob_frame_listener.h: No such file or directory
   49 | #include [01;31m[K"ob_frame_listener.h"[m[K
      |          [01;31m[K^~~~~~~~~~~~~~~~~~~~~[m[K
compilation terminated.
gmake[2]: *** [CMakeFiles/astra_camera.dir/build.make:174: CMakeFiles/astra_camera.dir/src/ob_camera_node.cpp.o] Error 1
gmake[1]: *** [CMakeFiles/Makefile2:141: CMakeFiles/astra_camera.dir/all] Error 2
gmake: *** [Makefile:146: all] Error 2
