[0.106s] Invoking command in '/home/khanh/Documents/SLAM/ros_ws/build/rtabmap_sync': AMENT_PREFIX_PATH=/home/khanh/Documents/SLAM/ros_ws/install/rtabmap_conversions:${AMENT_PREFIX_PATH} CMAKE_PREFIX_PATH=/home/khanh/Documents/SLAM/ros_ws/install/rtabmap_conversions:/opt/ros/humble:/home/khanh/Documents/SLAM/ros_ws/install/rtabmap_msgs:/home/khanh/Documents/SLAM/ros_ws/install/rtabmap LD_LIBRARY_PATH=/home/khanh/Documents/SLAM/ros_ws/install/rtabmap_conversions/lib:/home/khanh/Documents/SLAM/ros_ws/install/rtabmap_msgs/lib:/home/khanh/Documents/SLAM/ros_ws/install/rtabmap/lib:${LD_LIBRARY_PATH} PATH=/home/khanh/Documents/SLAM/ros_ws/install/rtabmap/bin:${PATH} PKG_CONFIG_PATH=/home/khanh/Documents/SLAM/ros_ws/install/rtabmap_msgs/lib/x86_64-linux-gnu/pkgconfig:/home/khanh/Documents/SLAM/ros_ws/install/rtabmap_msgs/lib/pkgconfig:/home/khanh/Documents/SLAM/ros_ws/install/rtabmap/lib/x86_64-linux-gnu/pkgconfig:/home/khanh/Documents/SLAM/ros_ws/install/rtabmap/lib/pkgconfig PYTHONPATH=/home/khanh/Documents/SLAM/ros_ws/install/rtabmap_msgs/local/lib/python3.10/dist-packages:${PYTHONPATH} ROS_PACKAGE_PATH=/home/khanh/Documents/SLAM/ros_ws/install/rtabmap_msgs/share /usr/bin/cmake --build /home/khanh/Documents/SLAM/ros_ws/build/rtabmap_sync
[0.166s] [  8%] [32mBuilding CXX object CMakeFiles/rtabmap_sync.dir/src/impl/CommonDataSubscriberDepth.cpp.o[0m
[0.166s] [  8%] [32mBuilding CXX object CMakeFiles/rtabmap_sync.dir/src/CommonDataSubscriber.cpp.o[0m
[0.166s] [ 13%] [32mBuilding CXX object CMakeFiles/rtabmap_sync.dir/src/impl/CommonDataSubscriberStereo.cpp.o[0m
[0.166s] [ 17%] [32mBuilding CXX object CMakeFiles/rtabmap_sync.dir/src/impl/CommonDataSubscriberRGB.cpp.o[0m
[0.167s] [ 21%] [32mBuilding CXX object CMakeFiles/rtabmap_sync.dir/src/impl/CommonDataSubscriberRGBD.cpp.o[0m
[0.176s] [ 26%] [32mBuilding CXX object CMakeFiles/rtabmap_sync_plugins.dir/src/nodelets/rgbdx_sync.cpp.o[0m
[20.638s] [01m[Kc++:[m[K [01;31m[Kfatal error: [m[KKilled signal terminated program cc1plus
[20.640s] compilation terminated.
[20.642s] gmake[2]: *** [CMakeFiles/rtabmap_sync.dir/build.make:76: CMakeFiles/rtabmap_sync.dir/src/CommonDataSubscriber.cpp.o] Error 1
[20.644s] gmake[2]: *** Waiting for unfinished jobs....
[20.761s] [ 30%] [32mBuilding CXX object CMakeFiles/rtabmap_sync_plugins.dir/src/nodelets/rgbd_sync.cpp.o[0m
[27.884s] [01m[Kc++:[m[K [01;31m[Kfatal error: [m[KKilled signal terminated program cc1plus
[27.887s] compilation terminated.
[27.887s] gmake[2]: *** [CMakeFiles/rtabmap_sync.dir/build.make:90: CMakeFiles/rtabmap_sync.dir/src/impl/CommonDataSubscriberDepth.cpp.o] Error 1
[43.750s] [ 34%] [32m[1mLinking CXX shared library librtabmap_sync_plugins.so[0m
[44.747s] [ 43%] Built target rtabmap_sync_plugins
[44.773s] [ 60%] [32mBuilding CXX object CMakeFiles/rtabmap_rgb_sync.dir/src/RGBSyncNode.cpp.o[0m
[44.773s] [ 60%] [32mBuilding CXX object CMakeFiles/rtabmap_stereo_sync.dir/src/StereoSyncNode.cpp.o[0m
[44.773s] [ 60%] [32mBuilding CXX object CMakeFiles/rtabmap_rgbdx_sync.dir/src/RGBDXSyncNode.cpp.o[0m
[44.773s] [ 60%] [32mBuilding CXX object CMakeFiles/rtabmap_rgbd_sync.dir/src/RGBDSyncNode.cpp.o[0m
[52.996s] [ 65%] [32m[1mLinking CXX executable stereo_sync[0m
[53.009s] [ 73%] [32m[1mLinking CXX executable rgb_sync[0m
[53.009s] [ 73%] [32m[1mLinking CXX executable rgbd_sync[0m
[53.552s] [ 78%] [32m[1mLinking CXX executable rgbdx_sync[0m
[54.401s] [ 78%] Built target rtabmap_rgb_sync
[54.401s] [ 78%] Built target rtabmap_stereo_sync
[54.405s] [ 78%] Built target rtabmap_rgbd_sync
[54.667s] [ 78%] Built target rtabmap_rgbdx_sync
[69.547s] gmake[1]: *** [CMakeFiles/Makefile2:147: CMakeFiles/rtabmap_sync.dir/all] Error 2
[69.547s] gmake: *** [Makefile:146: all] Error 2
