[0.052s] Invoking command in '/SLAM/ros_ws/build/sllidar_ros2': CMAKE_PREFIX_PATH=${CMAKE_PREFIX_PATH}:/opt/ros/humble /usr/bin/cmake --build /SLAM/ros_ws/build/sllidar_ros2 -- -j16 -l16
[0.116s] [ 10%] Built target sllidar_client
[0.117s] [ 15%] [32mBuilding CXX object CMakeFiles/sllidar_node.dir/src/sllidar_node.cpp.o[0m
[2.014s] In file included from [01m[K/SLAM/ros_ws/src/sllidar_ros2/./sdk/include/sl_lidar_cmd.h:41[m[K,
[2.014s]                  from [01m[K/SLAM/ros_ws/src/sllidar_ros2/./sdk/include/sl_lidar_driver.h:54[m[K,
[2.015s]                  from [01m[K/SLAM/ros_ws/src/sllidar_ros2/./sdk/include/sl_lidar.h:36[m[K,
[2.015s]                  from [01m[K/SLAM/ros_ws/src/sllidar_ros2/src/sllidar_node.cpp:38[m[K:
[2.015s] [01m[K/SLAM/ros_ws/src/sllidar_ros2/./sdk/include/sl_lidar_protocol.h:66:16:[m[K [01;35m[Kwarning: [m[KISO C++ forbids zero-size array â€˜[01m[Kdata[m[Kâ€™ [[01;35m[K]8;;https://gcc.gnu.org/onlinedocs/gcc/Warning-Options.html#index-Wpedantic-Wpedantic]8;;[m[K]
[2.015s]    66 |     sl_u8 data[[01;35m[K0[m[K];
[2.015s]       |                [01;35m[K^[m[K
[2.016s] In file included from [01m[K/SLAM/ros_ws/src/sllidar_ros2/./sdk/include/sl_lidar_driver.h:54[m[K,
[2.017s]                  from [01m[K/SLAM/ros_ws/src/sllidar_ros2/./sdk/include/sl_lidar.h:36[m[K,
[2.017s]                  from [01m[K/SLAM/ros_ws/src/sllidar_ros2/src/sllidar_node.cpp:38[m[K:
[2.017s] [01m[K/SLAM/ros_ws/src/sllidar_ros2/./sdk/include/sl_lidar_cmd.h:324:20:[m[K [01;35m[Kwarning: [m[KISO C++ forbids zero-size array â€˜[01m[Kpayload[m[Kâ€™ [[01;35m[K]8;;https://gcc.gnu.org/onlinedocs/gcc/Warning-Options.html#index-Wpedantic-Wpedantic]8;;[m[K]
[2.017s]   324 |     sl_u8  payload[[01;35m[K0[m[K];
[2.017s]       |                    [01;35m[K^[m[K
[2.053s] [01m[K/SLAM/ros_ws/src/sllidar_ros2/src/sllidar_node.cpp:[m[K In member function â€˜[01m[Kint SLlidarNode::work_loop()[m[Kâ€™:
[2.053s] [01m[K/SLAM/ros_ws/src/sllidar_ros2/src/sllidar_node.cpp:311:33:[m[K [01;31m[Kerror: [m[Kexpected â€˜[01m[K;[m[Kâ€™ before â€˜[01m[K:[m[Kâ€™ token
[2.053s]   311 |         std::cout << "Scan mode"[01;31m[K:[m[K << scan_mode << endln;
[2.053s]       |                                 [01;31m[K^[m[K
[2.794s] gmake[2]: *** [CMakeFiles/sllidar_node.dir/build.make:76: CMakeFiles/sllidar_node.dir/src/sllidar_node.cpp.o] Error 1
[2.794s] gmake[1]: *** [CMakeFiles/Makefile2:139: CMakeFiles/sllidar_node.dir/all] Error 2
[2.795s] gmake: *** [Makefile:146: all] Error 2
