<?xml version="1.0" encoding="UTF-8"?>
<Site BuildName="(empty)"
	BuildStamp="20240116-0534-Experimental"
	Name="acer"
	Generator="ctest-3.22.1"
	CompilerName="/usr/bin/c++"
	CompilerVersion="11.4.0"
	OSName="Linux"
	Hostname="acer"
	OSRelease="6.5.0-14-generic"
	OSVersion="#14~22.04.1-Ubuntu SMP PREEMPT_DYNAMIC Mon Nov 20 18:15:30 UTC 2"
	OSPlatform="x86_64"
	Is64Bits="1"
	VendorString="AuthenticAMD"
	VendorID="Advanced Micro Devices"
	FamilyID="25"
	ModelID="80"
	ProcessorCacheSize="512"
	NumberOfLogicalCPU="16"
	NumberOfPhysicalCPU="8"
	TotalVirtualMemory="0"
	TotalPhysicalMemory="15328"
	LogicalProcessorsPerPhysical="2"
	ProcessorClockFrequency="3686.6"
	>
	<Testing>
		<StartDateTime>Jan 16 05:34 UTC</StartDateTime>
		<StartTestTime>1705383295</StartTestTime>
		<TestList>
			<Test>./copyright</Test>
			<Test>./cppcheck</Test>
			<Test>./cpplint</Test>
			<Test>./flake8</Test>
			<Test>./lint_cmake</Test>
			<Test>./pep257</Test>
			<Test>./uncrustify</Test>
			<Test>./xmllint</Test>
			<Test>./tests/vff_test</Test>
		</TestList>
		<Test Status="passed">
			<Name>copyright</Name>
			<Path>.</Path>
			<FullName>./copyright</FullName>
			<FullCommandLine>/usr/bin/python3.10 "-u" "/opt/ros/humble/share/ament_cmake_test/cmake/run_test.py" "/SLAM/ros_ws/build/br2_vff_avoidance/test_results/br2_vff_avoidance/copyright.xunit.xml" "--package-name" "br2_vff_avoidance" "--output-file" "/SLAM/ros_ws/build/br2_vff_avoidance/ament_copyright/copyright.txt" "--command" "/opt/ros/humble/bin/ament_copyright" "--xunit-file" "/SLAM/ros_ws/build/br2_vff_avoidance/test_results/br2_vff_avoidance/copyright.xunit.xml"</FullCommandLine>
			<Results>
				<NamedMeasurement type="numeric/double" name="Execution Time">
					<Value>0.261536</Value>
				</NamedMeasurement>
				<NamedMeasurement type="numeric/double" name="Processors">
					<Value>1</Value>
				</NamedMeasurement>
				<NamedMeasurement type="text/string" name="Completion Status">
					<Value>Completed</Value>
				</NamedMeasurement>
				<NamedMeasurement type="text/string" name="Command Line">
					<Value>/usr/bin/python3.10 "-u" "/opt/ros/humble/share/ament_cmake_test/cmake/run_test.py" "/SLAM/ros_ws/build/br2_vff_avoidance/test_results/br2_vff_avoidance/copyright.xunit.xml" "--package-name" "br2_vff_avoidance" "--output-file" "/SLAM/ros_ws/build/br2_vff_avoidance/ament_copyright/copyright.txt" "--command" "/opt/ros/humble/bin/ament_copyright" "--xunit-file" "/SLAM/ros_ws/build/br2_vff_avoidance/test_results/br2_vff_avoidance/copyright.xunit.xml"</Value>
				</NamedMeasurement>
				<NamedMeasurement type="text/string" name="Environment">
					<Value>#CTEST_RESOURCE_GROUP_COUNT=</Value>
				</NamedMeasurement>
				<Measurement>
					<Value>-- run_test.py: invoking following command in '/SLAM/ros_ws/src/book_ros2/br2_vff_avoidance':
 - /opt/ros/humble/bin/ament_copyright --xunit-file /SLAM/ros_ws/build/br2_vff_avoidance/test_results/br2_vff_avoidance/copyright.xunit.xml
No problems found, checked 5 files
-- run_test.py: return code 0
-- run_test.py: verify result file '/SLAM/ros_ws/build/br2_vff_avoidance/test_results/br2_vff_avoidance/copyright.xunit.xml'
</Value>
				</Measurement>
			</Results>
			<Labels>
				<Label>copyright</Label>
				<Label>linter</Label>
			</Labels>
		</Test>
		<Test Status="passed">
			<Name>cppcheck</Name>
			<Path>.</Path>
			<FullName>./cppcheck</FullName>
			<FullCommandLine>/usr/bin/python3.10 "-u" "/opt/ros/humble/share/ament_cmake_test/cmake/run_test.py" "/SLAM/ros_ws/build/br2_vff_avoidance/test_results/br2_vff_avoidance/cppcheck.xunit.xml" "--package-name" "br2_vff_avoidance" "--output-file" "/SLAM/ros_ws/build/br2_vff_avoidance/ament_cppcheck/cppcheck.txt" "--command" "/opt/ros/humble/bin/ament_cppcheck" "--xunit-file" "/SLAM/ros_ws/build/br2_vff_avoidance/test_results/br2_vff_avoidance/cppcheck.xunit.xml" "--include_dirs" "/SLAM/ros_ws/src/book_ros2/br2_vff_avoidance/include"</FullCommandLine>
			<Results>
				<NamedMeasurement type="numeric/double" name="Execution Time">
					<Value>0.145964</Value>
				</NamedMeasurement>
				<NamedMeasurement type="numeric/double" name="Processors">
					<Value>1</Value>
				</NamedMeasurement>
				<NamedMeasurement type="text/string" name="Completion Status">
					<Value>Completed</Value>
				</NamedMeasurement>
				<NamedMeasurement type="text/string" name="Command Line">
					<Value>/usr/bin/python3.10 "-u" "/opt/ros/humble/share/ament_cmake_test/cmake/run_test.py" "/SLAM/ros_ws/build/br2_vff_avoidance/test_results/br2_vff_avoidance/cppcheck.xunit.xml" "--package-name" "br2_vff_avoidance" "--output-file" "/SLAM/ros_ws/build/br2_vff_avoidance/ament_cppcheck/cppcheck.txt" "--command" "/opt/ros/humble/bin/ament_cppcheck" "--xunit-file" "/SLAM/ros_ws/build/br2_vff_avoidance/test_results/br2_vff_avoidance/cppcheck.xunit.xml" "--include_dirs" "/SLAM/ros_ws/src/book_ros2/br2_vff_avoidance/include"</Value>
				</NamedMeasurement>
				<NamedMeasurement type="text/string" name="Environment">
					<Value>#CTEST_RESOURCE_GROUP_COUNT=</Value>
				</NamedMeasurement>
				<Measurement>
					<Value>-- run_test.py: invoking following command in '/SLAM/ros_ws/src/book_ros2/br2_vff_avoidance':
 - /opt/ros/humble/bin/ament_cppcheck --xunit-file /SLAM/ros_ws/build/br2_vff_avoidance/test_results/br2_vff_avoidance/cppcheck.xunit.xml --include_dirs /SLAM/ros_ws/src/book_ros2/br2_vff_avoidance/include
cppcheck 2.7 has known performance issues and therefore will not be used, set the AMENT_CPPCHECK_ALLOW_SLOW_VERSIONS environment variable to override this.
-- run_test.py: return code 0
-- run_test.py: verify result file '/SLAM/ros_ws/build/br2_vff_avoidance/test_results/br2_vff_avoidance/cppcheck.xunit.xml'
</Value>
				</Measurement>
			</Results>
			<Labels>
				<Label>cppcheck</Label>
				<Label>linter</Label>
			</Labels>
		</Test>
		<Test Status="passed">
			<Name>cpplint</Name>
			<Path>.</Path>
			<FullName>./cpplint</FullName>
			<FullCommandLine>/usr/bin/python3.10 "-u" "/opt/ros/humble/share/ament_cmake_test/cmake/run_test.py" "/SLAM/ros_ws/build/br2_vff_avoidance/test_results/br2_vff_avoidance/cpplint.xunit.xml" "--package-name" "br2_vff_avoidance" "--output-file" "/SLAM/ros_ws/build/br2_vff_avoidance/ament_cpplint/cpplint.txt" "--command" "/opt/ros/humble/bin/ament_cpplint" "--xunit-file" "/SLAM/ros_ws/build/br2_vff_avoidance/test_results/br2_vff_avoidance/cpplint.xunit.xml"</FullCommandLine>
			<Results>
				<NamedMeasurement type="numeric/double" name="Execution Time">
					<Value>0.229019</Value>
				</NamedMeasurement>
				<NamedMeasurement type="numeric/double" name="Processors">
					<Value>1</Value>
				</NamedMeasurement>
				<NamedMeasurement type="text/string" name="Completion Status">
					<Value>Completed</Value>
				</NamedMeasurement>
				<NamedMeasurement type="text/string" name="Command Line">
					<Value>/usr/bin/python3.10 "-u" "/opt/ros/humble/share/ament_cmake_test/cmake/run_test.py" "/SLAM/ros_ws/build/br2_vff_avoidance/test_results/br2_vff_avoidance/cpplint.xunit.xml" "--package-name" "br2_vff_avoidance" "--output-file" "/SLAM/ros_ws/build/br2_vff_avoidance/ament_cpplint/cpplint.txt" "--command" "/opt/ros/humble/bin/ament_cpplint" "--xunit-file" "/SLAM/ros_ws/build/br2_vff_avoidance/test_results/br2_vff_avoidance/cpplint.xunit.xml"</Value>
				</NamedMeasurement>
				<NamedMeasurement type="text/string" name="Environment">
					<Value>#CTEST_RESOURCE_GROUP_COUNT=</Value>
				</NamedMeasurement>
				<Measurement>
					<Value>-- run_test.py: invoking following command in '/SLAM/ros_ws/src/book_ros2/br2_vff_avoidance':
 - /opt/ros/humble/bin/ament_cpplint --xunit-file /SLAM/ros_ws/build/br2_vff_avoidance/test_results/br2_vff_avoidance/cpplint.xunit.xml
Using '--root=..' argument

Done processing /SLAM/ros_ws/src/book_ros2/br2_vff_avoidance/tests/vff_test.cpp

Using '--root=/SLAM/ros_ws/src/book_ros2/br2_vff_avoidance/include' argument

Done processing /SLAM/ros_ws/src/book_ros2/br2_vff_avoidance/include/br2_vff_avoidance/AvoidanceNode.hpp

Using '--root=/SLAM/ros_ws/src/book_ros2/br2_vff_avoidance/src' argument

Done processing /SLAM/ros_ws/src/book_ros2/br2_vff_avoidance/src/avoidance_vff_main.cpp

Done processing /SLAM/ros_ws/src/book_ros2/br2_vff_avoidance/src/br2_vff_avoidance/AvoidanceNode.cpp

No problems found
-- run_test.py: return code 0
-- run_test.py: verify result file '/SLAM/ros_ws/build/br2_vff_avoidance/test_results/br2_vff_avoidance/cpplint.xunit.xml'
</Value>
				</Measurement>
			</Results>
			<Labels>
				<Label>cpplint</Label>
				<Label>linter</Label>
			</Labels>
		</Test>
		<Test Status="passed">
			<Name>flake8</Name>
			<Path>.</Path>
			<FullName>./flake8</FullName>
			<FullCommandLine>/usr/bin/python3.10 "-u" "/opt/ros/humble/share/ament_cmake_test/cmake/run_test.py" "/SLAM/ros_ws/build/br2_vff_avoidance/test_results/br2_vff_avoidance/flake8.xunit.xml" "--package-name" "br2_vff_avoidance" "--output-file" "/SLAM/ros_ws/build/br2_vff_avoidance/ament_flake8/flake8.txt" "--command" "/opt/ros/humble/bin/ament_flake8" "--xunit-file" "/SLAM/ros_ws/build/br2_vff_avoidance/test_results/br2_vff_avoidance/flake8.xunit.xml"</FullCommandLine>
			<Results>
				<NamedMeasurement type="numeric/double" name="Execution Time">
					<Value>0.203201</Value>
				</NamedMeasurement>
				<NamedMeasurement type="numeric/double" name="Processors">
					<Value>1</Value>
				</NamedMeasurement>
				<NamedMeasurement type="text/string" name="Completion Status">
					<Value>Completed</Value>
				</NamedMeasurement>
				<NamedMeasurement type="text/string" name="Command Line">
					<Value>/usr/bin/python3.10 "-u" "/opt/ros/humble/share/ament_cmake_test/cmake/run_test.py" "/SLAM/ros_ws/build/br2_vff_avoidance/test_results/br2_vff_avoidance/flake8.xunit.xml" "--package-name" "br2_vff_avoidance" "--output-file" "/SLAM/ros_ws/build/br2_vff_avoidance/ament_flake8/flake8.txt" "--command" "/opt/ros/humble/bin/ament_flake8" "--xunit-file" "/SLAM/ros_ws/build/br2_vff_avoidance/test_results/br2_vff_avoidance/flake8.xunit.xml"</Value>
				</NamedMeasurement>
				<NamedMeasurement type="text/string" name="Environment">
					<Value>#CTEST_RESOURCE_GROUP_COUNT=</Value>
				</NamedMeasurement>
				<Measurement>
					<Value>-- run_test.py: invoking following command in '/SLAM/ros_ws/src/book_ros2/br2_vff_avoidance':
 - /opt/ros/humble/bin/ament_flake8 --xunit-file /SLAM/ros_ws/build/br2_vff_avoidance/test_results/br2_vff_avoidance/flake8.xunit.xml

1 files checked
No problems found

Checked files:

* ./launch/avoidance_vff.launch.py
-- run_test.py: return code 0
-- run_test.py: verify result file '/SLAM/ros_ws/build/br2_vff_avoidance/test_results/br2_vff_avoidance/flake8.xunit.xml'
</Value>
				</Measurement>
			</Results>
			<Labels>
				<Label>flake8</Label>
				<Label>linter</Label>
			</Labels>
		</Test>
		<Test Status="passed">
			<Name>lint_cmake</Name>
			<Path>.</Path>
			<FullName>./lint_cmake</FullName>
			<FullCommandLine>/usr/bin/python3.10 "-u" "/opt/ros/humble/share/ament_cmake_test/cmake/run_test.py" "/SLAM/ros_ws/build/br2_vff_avoidance/test_results/br2_vff_avoidance/lint_cmake.xunit.xml" "--package-name" "br2_vff_avoidance" "--output-file" "/SLAM/ros_ws/build/br2_vff_avoidance/ament_lint_cmake/lint_cmake.txt" "--command" "/opt/ros/humble/bin/ament_lint_cmake" "--xunit-file" "/SLAM/ros_ws/build/br2_vff_avoidance/test_results/br2_vff_avoidance/lint_cmake.xunit.xml"</FullCommandLine>
			<Results>
				<NamedMeasurement type="numeric/double" name="Execution Time">
					<Value>0.111072</Value>
				</NamedMeasurement>
				<NamedMeasurement type="numeric/double" name="Processors">
					<Value>1</Value>
				</NamedMeasurement>
				<NamedMeasurement type="text/string" name="Completion Status">
					<Value>Completed</Value>
				</NamedMeasurement>
				<NamedMeasurement type="text/string" name="Command Line">
					<Value>/usr/bin/python3.10 "-u" "/opt/ros/humble/share/ament_cmake_test/cmake/run_test.py" "/SLAM/ros_ws/build/br2_vff_avoidance/test_results/br2_vff_avoidance/lint_cmake.xunit.xml" "--package-name" "br2_vff_avoidance" "--output-file" "/SLAM/ros_ws/build/br2_vff_avoidance/ament_lint_cmake/lint_cmake.txt" "--command" "/opt/ros/humble/bin/ament_lint_cmake" "--xunit-file" "/SLAM/ros_ws/build/br2_vff_avoidance/test_results/br2_vff_avoidance/lint_cmake.xunit.xml"</Value>
				</NamedMeasurement>
				<NamedMeasurement type="text/string" name="Environment">
					<Value>#CTEST_RESOURCE_GROUP_COUNT=</Value>
				</NamedMeasurement>
				<Measurement>
					<Value>-- run_test.py: invoking following command in '/SLAM/ros_ws/src/book_ros2/br2_vff_avoidance':
 - /opt/ros/humble/bin/ament_lint_cmake --xunit-file /SLAM/ros_ws/build/br2_vff_avoidance/test_results/br2_vff_avoidance/lint_cmake.xunit.xml

No problems found
-- run_test.py: return code 0
-- run_test.py: verify result file '/SLAM/ros_ws/build/br2_vff_avoidance/test_results/br2_vff_avoidance/lint_cmake.xunit.xml'
</Value>
				</Measurement>
			</Results>
			<Labels>
				<Label>lint_cmake</Label>
				<Label>linter</Label>
			</Labels>
		</Test>
		<Test Status="passed">
			<Name>pep257</Name>
			<Path>.</Path>
			<FullName>./pep257</FullName>
			<FullCommandLine>/usr/bin/python3.10 "-u" "/opt/ros/humble/share/ament_cmake_test/cmake/run_test.py" "/SLAM/ros_ws/build/br2_vff_avoidance/test_results/br2_vff_avoidance/pep257.xunit.xml" "--package-name" "br2_vff_avoidance" "--output-file" "/SLAM/ros_ws/build/br2_vff_avoidance/ament_pep257/pep257.txt" "--command" "/opt/ros/humble/bin/ament_pep257" "--xunit-file" "/SLAM/ros_ws/build/br2_vff_avoidance/test_results/br2_vff_avoidance/pep257.xunit.xml"</FullCommandLine>
			<Results>
				<NamedMeasurement type="numeric/double" name="Execution Time">
					<Value>0.165317</Value>
				</NamedMeasurement>
				<NamedMeasurement type="numeric/double" name="Processors">
					<Value>1</Value>
				</NamedMeasurement>
				<NamedMeasurement type="text/string" name="Completion Status">
					<Value>Completed</Value>
				</NamedMeasurement>
				<NamedMeasurement type="text/string" name="Command Line">
					<Value>/usr/bin/python3.10 "-u" "/opt/ros/humble/share/ament_cmake_test/cmake/run_test.py" "/SLAM/ros_ws/build/br2_vff_avoidance/test_results/br2_vff_avoidance/pep257.xunit.xml" "--package-name" "br2_vff_avoidance" "--output-file" "/SLAM/ros_ws/build/br2_vff_avoidance/ament_pep257/pep257.txt" "--command" "/opt/ros/humble/bin/ament_pep257" "--xunit-file" "/SLAM/ros_ws/build/br2_vff_avoidance/test_results/br2_vff_avoidance/pep257.xunit.xml"</Value>
				</NamedMeasurement>
				<NamedMeasurement type="text/string" name="Environment">
					<Value>#CTEST_RESOURCE_GROUP_COUNT=</Value>
				</NamedMeasurement>
				<Measurement>
					<Value>-- run_test.py: invoking following command in '/SLAM/ros_ws/src/book_ros2/br2_vff_avoidance':
 - /opt/ros/humble/bin/ament_pep257 --xunit-file /SLAM/ros_ws/build/br2_vff_avoidance/test_results/br2_vff_avoidance/pep257.xunit.xml
checking ./launch/avoidance_vff.launch.py
No problems found
-- run_test.py: return code 0
-- run_test.py: verify result file '/SLAM/ros_ws/build/br2_vff_avoidance/test_results/br2_vff_avoidance/pep257.xunit.xml'
</Value>
				</Measurement>
			</Results>
			<Labels>
				<Label>linter</Label>
				<Label>pep257</Label>
			</Labels>
		</Test>
		<Test Status="passed">
			<Name>uncrustify</Name>
			<Path>.</Path>
			<FullName>./uncrustify</FullName>
			<FullCommandLine>/usr/bin/python3.10 "-u" "/opt/ros/humble/share/ament_cmake_test/cmake/run_test.py" "/SLAM/ros_ws/build/br2_vff_avoidance/test_results/br2_vff_avoidance/uncrustify.xunit.xml" "--package-name" "br2_vff_avoidance" "--output-file" "/SLAM/ros_ws/build/br2_vff_avoidance/ament_uncrustify/uncrustify.txt" "--command" "/opt/ros/humble/bin/ament_uncrustify" "--xunit-file" "/SLAM/ros_ws/build/br2_vff_avoidance/test_results/br2_vff_avoidance/uncrustify.xunit.xml"</FullCommandLine>
			<Results>
				<NamedMeasurement type="numeric/double" name="Execution Time">
					<Value>0.136628</Value>
				</NamedMeasurement>
				<NamedMeasurement type="numeric/double" name="Processors">
					<Value>1</Value>
				</NamedMeasurement>
				<NamedMeasurement type="text/string" name="Completion Status">
					<Value>Completed</Value>
				</NamedMeasurement>
				<NamedMeasurement type="text/string" name="Command Line">
					<Value>/usr/bin/python3.10 "-u" "/opt/ros/humble/share/ament_cmake_test/cmake/run_test.py" "/SLAM/ros_ws/build/br2_vff_avoidance/test_results/br2_vff_avoidance/uncrustify.xunit.xml" "--package-name" "br2_vff_avoidance" "--output-file" "/SLAM/ros_ws/build/br2_vff_avoidance/ament_uncrustify/uncrustify.txt" "--command" "/opt/ros/humble/bin/ament_uncrustify" "--xunit-file" "/SLAM/ros_ws/build/br2_vff_avoidance/test_results/br2_vff_avoidance/uncrustify.xunit.xml"</Value>
				</NamedMeasurement>
				<NamedMeasurement type="text/string" name="Environment">
					<Value>#CTEST_RESOURCE_GROUP_COUNT=</Value>
				</NamedMeasurement>
				<Measurement>
					<Value>-- run_test.py: invoking following command in '/SLAM/ros_ws/src/book_ros2/br2_vff_avoidance':
 - /opt/ros/humble/bin/ament_uncrustify --xunit-file /SLAM/ros_ws/build/br2_vff_avoidance/test_results/br2_vff_avoidance/uncrustify.xunit.xml
No code style divergence in file 'include/br2_vff_avoidance/AvoidanceNode.hpp'

No code style divergence in file 'src/avoidance_vff_main.cpp'

No code style divergence in file 'src/br2_vff_avoidance/AvoidanceNode.cpp'

No code style divergence in file 'tests/vff_test.cpp'

No problems found
-- run_test.py: return code 0
-- run_test.py: verify result file '/SLAM/ros_ws/build/br2_vff_avoidance/test_results/br2_vff_avoidance/uncrustify.xunit.xml'
</Value>
				</Measurement>
			</Results>
			<Labels>
				<Label>linter</Label>
				<Label>uncrustify</Label>
			</Labels>
		</Test>
		<Test Status="passed">
			<Name>xmllint</Name>
			<Path>.</Path>
			<FullName>./xmllint</FullName>
			<FullCommandLine>/usr/bin/python3.10 "-u" "/opt/ros/humble/share/ament_cmake_test/cmake/run_test.py" "/SLAM/ros_ws/build/br2_vff_avoidance/test_results/br2_vff_avoidance/xmllint.xunit.xml" "--package-name" "br2_vff_avoidance" "--output-file" "/SLAM/ros_ws/build/br2_vff_avoidance/ament_xmllint/xmllint.txt" "--command" "/opt/ros/humble/bin/ament_xmllint" "--xunit-file" "/SLAM/ros_ws/build/br2_vff_avoidance/test_results/br2_vff_avoidance/xmllint.xunit.xml"</FullCommandLine>
			<Results>
				<NamedMeasurement type="numeric/double" name="Execution Time">
					<Value>1.08518</Value>
				</NamedMeasurement>
				<NamedMeasurement type="numeric/double" name="Processors">
					<Value>1</Value>
				</NamedMeasurement>
				<NamedMeasurement type="text/string" name="Completion Status">
					<Value>Completed</Value>
				</NamedMeasurement>
				<NamedMeasurement type="text/string" name="Command Line">
					<Value>/usr/bin/python3.10 "-u" "/opt/ros/humble/share/ament_cmake_test/cmake/run_test.py" "/SLAM/ros_ws/build/br2_vff_avoidance/test_results/br2_vff_avoidance/xmllint.xunit.xml" "--package-name" "br2_vff_avoidance" "--output-file" "/SLAM/ros_ws/build/br2_vff_avoidance/ament_xmllint/xmllint.txt" "--command" "/opt/ros/humble/bin/ament_xmllint" "--xunit-file" "/SLAM/ros_ws/build/br2_vff_avoidance/test_results/br2_vff_avoidance/xmllint.xunit.xml"</Value>
				</NamedMeasurement>
				<NamedMeasurement type="text/string" name="Environment">
					<Value>#CTEST_RESOURCE_GROUP_COUNT=</Value>
				</NamedMeasurement>
				<Measurement>
					<Value>-- run_test.py: invoking following command in '/SLAM/ros_ws/src/book_ros2/br2_vff_avoidance':
 - /opt/ros/humble/bin/ament_xmllint --xunit-file /SLAM/ros_ws/build/br2_vff_avoidance/test_results/br2_vff_avoidance/xmllint.xunit.xml
File 'package.xml' is valid

No problems found
-- run_test.py: return code 0
-- run_test.py: verify result file '/SLAM/ros_ws/build/br2_vff_avoidance/test_results/br2_vff_avoidance/xmllint.xunit.xml'
</Value>
				</Measurement>
			</Results>
			<Labels>
				<Label>linter</Label>
				<Label>xmllint</Label>
			</Labels>
		</Test>
		<Test Status="passed">
			<Name>vff_test</Name>
			<Path>./tests</Path>
			<FullName>./tests/vff_test</FullName>
			<FullCommandLine>/usr/bin/python3.10 "-u" "/opt/ros/humble/share/ament_cmake_test/cmake/run_test.py" "/SLAM/ros_ws/build/br2_vff_avoidance/test_results/br2_vff_avoidance/vff_test.gtest.xml" "--package-name" "br2_vff_avoidance" "--output-file" "/SLAM/ros_ws/build/br2_vff_avoidance/ament_cmake_gtest/vff_test.txt" "--command" "/SLAM/ros_ws/build/br2_vff_avoidance/tests/vff_test" "--gtest_output=xml:/SLAM/ros_ws/build/br2_vff_avoidance/test_results/br2_vff_avoidance/vff_test.gtest.xml"</FullCommandLine>
			<Results>
				<NamedMeasurement type="numeric/double" name="Execution Time">
					<Value>10.3353</Value>
				</NamedMeasurement>
				<NamedMeasurement type="numeric/double" name="Processors">
					<Value>1</Value>
				</NamedMeasurement>
				<NamedMeasurement type="text/string" name="Completion Status">
					<Value>Completed</Value>
				</NamedMeasurement>
				<NamedMeasurement type="text/string" name="Command Line">
					<Value>/usr/bin/python3.10 "-u" "/opt/ros/humble/share/ament_cmake_test/cmake/run_test.py" "/SLAM/ros_ws/build/br2_vff_avoidance/test_results/br2_vff_avoidance/vff_test.gtest.xml" "--package-name" "br2_vff_avoidance" "--output-file" "/SLAM/ros_ws/build/br2_vff_avoidance/ament_cmake_gtest/vff_test.txt" "--command" "/SLAM/ros_ws/build/br2_vff_avoidance/tests/vff_test" "--gtest_output=xml:/SLAM/ros_ws/build/br2_vff_avoidance/test_results/br2_vff_avoidance/vff_test.gtest.xml"</Value>
				</NamedMeasurement>
				<NamedMeasurement type="text/string" name="Environment">
					<Value>#CTEST_RESOURCE_GROUP_COUNT=</Value>
				</NamedMeasurement>
				<Measurement>
					<Value>-- run_test.py: invoking following command in '/SLAM/ros_ws/build/br2_vff_avoidance/tests':
 - /SLAM/ros_ws/build/br2_vff_avoidance/tests/vff_test --gtest_output=xml:/SLAM/ros_ws/build/br2_vff_avoidance/test_results/br2_vff_avoidance/vff_test.gtest.xml
[==========] Running 2 tests from 1 test suite.
[----------] Global test environment set-up.
[----------] 2 tests from vff_tests
[ RUN      ] vff_tests.get_vff
[       OK ] vff_tests.get_vff (14 ms)
[ RUN      ] vff_tests.ouput_vels
[       OK ] vff_tests.ouput_vels (10144 ms)
[----------] 2 tests from vff_tests (10158 ms total)

[----------] Global test environment tear-down
[==========] 2 tests from 1 test suite ran. (10158 ms total)
[  PASSED  ] 2 tests.
-- run_test.py: return code 0
-- run_test.py: inject classname prefix into gtest result file '/SLAM/ros_ws/build/br2_vff_avoidance/test_results/br2_vff_avoidance/vff_test.gtest.xml'
-- run_test.py: verify result file '/SLAM/ros_ws/build/br2_vff_avoidance/test_results/br2_vff_avoidance/vff_test.gtest.xml'
</Value>
				</Measurement>
			</Results>
			<Labels>
				<Label>gtest</Label>
			</Labels>
		</Test>
		<EndDateTime>Jan 16 05:35 UTC</EndDateTime>
		<EndTestTime>1705383308</EndTestTime>
		<ElapsedMinutes>0</ElapsedMinutes>
	</Testing>
</Site>
