[0.116s] Invoking command in '/home/khanh/Documents/SLAM/ros_ws/build/rtabmap_sync': AMENT_PREFIX_PATH=/home/khanh/Documents/SLAM/ros_ws/install/rtabmap_conversions:${AMENT_PREFIX_PATH} CMAKE_PREFIX_PATH=/home/khanh/Documents/SLAM/ros_ws/install/rtabmap_conversions:/opt/ros/humble:/home/khanh/Documents/SLAM/ros_ws/install/rtabmap_msgs:/home/khanh/Documents/SLAM/ros_ws/install/rtabmap LD_LIBRARY_PATH=/home/khanh/Documents/SLAM/ros_ws/install/rtabmap_conversions/lib:/home/khanh/Documents/SLAM/ros_ws/install/rtabmap_msgs/lib:/home/khanh/Documents/SLAM/ros_ws/install/rtabmap/lib:${LD_LIBRARY_PATH} PATH=/home/khanh/Documents/SLAM/ros_ws/install/rtabmap/bin:${PATH} PKG_CONFIG_PATH=/home/khanh/Documents/SLAM/ros_ws/install/rtabmap_msgs/lib/x86_64-linux-gnu/pkgconfig:/home/khanh/Documents/SLAM/ros_ws/install/rtabmap_msgs/lib/pkgconfig:/home/khanh/Documents/SLAM/ros_ws/install/rtabmap/lib/x86_64-linux-gnu/pkgconfig:/home/khanh/Documents/SLAM/ros_ws/install/rtabmap/lib/pkgconfig PYTHONPATH=/home/khanh/Documents/SLAM/ros_ws/install/rtabmap_msgs/local/lib/python3.10/dist-packages:${PYTHONPATH} ROS_PACKAGE_PATH=/home/khanh/Documents/SLAM/ros_ws/install/rtabmap_msgs/share /usr/bin/cmake /home/khanh/Documents/SLAM/ros_ws/src/rtabmap_ros/rtabmap_sync -DCMAKE_BUILD_TYPE=Release -DAMENT_CMAKE_SYMLINK_INSTALL=1 -DCMAKE_INSTALL_PREFIX=/home/khanh/Documents/SLAM/ros_ws/install/rtabmap_sync
[0.172s] -- The C compiler identification is GNU 11.4.0
[0.222s] -- The CXX compiler identification is GNU 11.4.0
[0.230s] -- Detecting C compiler ABI info
[0.297s] -- Detecting C compiler ABI info - done
[0.302s] -- Check for working C compiler: /usr/bin/cc - skipped
[0.302s] -- Detecting C compile features
[0.303s] -- Detecting C compile features - done
[0.305s] -- Detecting CXX compiler ABI info
[0.378s] -- Detecting CXX compiler ABI info - done
[0.384s] -- Check for working CXX compiler: /usr/bin/c++ - skipped
[0.384s] -- Detecting CXX compile features
[0.384s] -- Detecting CXX compile features - done
[0.387s] -- Found cv_bridge: 3.2.1 (/opt/ros/humble/share/cv_bridge/cmake)
[0.528s] -- Found Python3: /usr/bin/python3.10 (found version "3.10.12") found components: Interpreter 
[0.577s] -- Override CMake install command with custom implementation using symlinks instead of copying resources
[0.648s] -- Found rosidl_generator_c: 3.1.5 (/opt/ros/humble/share/rosidl_generator_c/cmake)
[0.653s] -- Found rosidl_adapter: 3.1.5 (/opt/ros/humble/share/rosidl_adapter/cmake)
[0.661s] -- Found rosidl_generator_cpp: 3.1.5 (/opt/ros/humble/share/rosidl_generator_cpp/cmake)
[0.673s] -- Using all available rosidl_typesupport_c: rosidl_typesupport_fastrtps_c;rosidl_typesupport_introspection_c
[0.690s] -- Using all available rosidl_typesupport_cpp: rosidl_typesupport_fastrtps_cpp;rosidl_typesupport_introspection_cpp
[0.875s] -- Found image_transport: 3.1.7 (/opt/ros/humble/share/image_transport/cmake)
[0.933s] -- Found rmw_implementation_cmake: 6.1.1 (/opt/ros/humble/share/rmw_implementation_cmake/cmake)
[0.935s] -- Found rmw_fastrtps_cpp: 6.2.5 (/opt/ros/humble/share/rmw_fastrtps_cpp/cmake)
[1.036s] -- Found OpenSSL: /usr/lib/x86_64-linux-gnu/libcrypto.so (found version "3.0.2")  
[1.063s] -- Found FastRTPS: /opt/ros/humble/include  
[1.109s] -- Using RMW implementation 'rmw_fastrtps_cpp' as default
[1.118s] -- Looking for pthread.h
[1.192s] -- Looking for pthread.h - found
[1.192s] -- Performing Test CMAKE_HAVE_LIBC_PTHREAD
[1.275s] -- Performing Test CMAKE_HAVE_LIBC_PTHREAD - Success
[1.276s] -- Found Threads: TRUE  
[1.446s] -- Found nav_msgs: 4.2.3 (/opt/ros/humble/share/nav_msgs/cmake)
[1.522s] -- Found rclcpp_components: 16.0.7 (/opt/ros/humble/share/rclcpp_components/cmake)
[1.568s] -- Found rtabmap_conversions: 0.21.2 (/home/khanh/Documents/SLAM/ros_ws/install/rtabmap_conversions/share/rtabmap_conversions/cmake)
[2.089s] -- Found Eigen3: TRUE (found version "3.4.0") 
[2.089s] -- Ensuring Eigen3 include directory is part of orocos-kdl CMake target
[2.116s] -- Checking for module 'eigen3'
[2.131s] --   Found eigen3, version 3.4.0
[2.172s] -- Found Eigen: /usr/include/eigen3 (Required is at least version "3.1") 
[2.172s] -- Eigen found (include: /usr/include/eigen3, version: 3.4.0)
[2.263s] -- Checking for module 'libusb-1.0'
[2.279s] --   Found libusb-1.0, version 1.0.25
[2.321s] -- Found libusb: /usr/lib/x86_64-linux-gnu/libusb-1.0.so  
[2.322s] -- OpenNI found (version: 1.5.4.0, include: /usr/include/ni, lib: /usr/lib/libOpenNI.so;libusb::libusb)
[2.386s] -- OpenNI2 found (version: 2.2.0.33, include: /usr/include/openni2, lib: /usr/lib/x86_64-linux-gnu/libOpenNI2.so;libusb::libusb)
[3.275s] -- Eigen found (include: /usr/include/eigen3, version: 3.4.0)
[3.293s] -- Checking for module 'flann'
[3.311s] --   Found flann, version 1.9.1
[3.360s] -- Found FLANN: /usr/lib/x86_64-linux-gnu/libflann_cpp.so  
[3.360s] -- FLANN found (include: /usr/include, lib: /usr/lib/x86_64-linux-gnu/libflann_cpp.so)
[3.363s] -- Found Qhull version 8.0.2
[3.731s] -- OpenNI found (version: 1.5.4.0, include: /usr/include/ni, lib: /usr/lib/libOpenNI.so;libusb::libusb)
[3.737s] -- OpenNI2 found (version: 2.2.0.33, include: /usr/include/openni2, lib: /usr/lib/x86_64-linux-gnu/libOpenNI2.so;libusb::libusb)
[3.860s] -- Found PCL_COMMON: /usr/lib/x86_64-linux-gnu/libpcl_common.so  
[3.860s] -- Found PCL_OCTREE: /usr/lib/x86_64-linux-gnu/libpcl_octree.so  
[3.861s] -- Found PCL_IO: /usr/lib/x86_64-linux-gnu/libpcl_io.so  
[3.862s] -- Found PCL_KDTREE: /usr/lib/x86_64-linux-gnu/libpcl_kdtree.so  
[3.862s] -- Found PCL_SEARCH: /usr/lib/x86_64-linux-gnu/libpcl_search.so  
[3.863s] -- Found PCL_SURFACE: /usr/lib/x86_64-linux-gnu/libpcl_surface.so  
[3.864s] -- Found PCL_FILTERS: /usr/lib/x86_64-linux-gnu/libpcl_filters.so  
[3.864s] -- Found PCL_2D: /usr/include/pcl-1.12  
[3.865s] -- Found PCL_FEATURES: /usr/lib/x86_64-linux-gnu/libpcl_features.so  
[3.865s] -- Found PCL_REGISTRATION: /usr/lib/x86_64-linux-gnu/libpcl_registration.so  
[3.866s] -- Found PCL_SAMPLE_CONSENSUS: /usr/lib/x86_64-linux-gnu/libpcl_sample_consensus.so  
[3.866s] -- Found PCL_GEOMETRY: /usr/include/pcl-1.12  
[3.867s] -- Found PCL_ML: /usr/lib/x86_64-linux-gnu/libpcl_ml.so  
[3.868s] -- Found PCL_SEGMENTATION: /usr/lib/x86_64-linux-gnu/libpcl_segmentation.so  
[3.868s] -- Found PCL_VISUALIZATION: /usr/lib/x86_64-linux-gnu/libpcl_visualization.so  
[3.883s] -- Found diagnostic_updater: 3.1.2 (/opt/ros/humble/share/diagnostic_updater/cmake)
[3.943s] -- RTABMAP_SYNC_MULTI_RGBD = OFF
[3.943s] -- RTABMAP_SYNC_USER_DATA  = OFF
[4.013s] -- Configuring done
[4.173s] -- Generating done
[4.176s] -- Build files have been written to: /home/khanh/Documents/SLAM/ros_ws/build/rtabmap_sync
[4.194s] Invoked command in '/home/khanh/Documents/SLAM/ros_ws/build/rtabmap_sync' returned '0': AMENT_PREFIX_PATH=/home/khanh/Documents/SLAM/ros_ws/install/rtabmap_conversions:${AMENT_PREFIX_PATH} CMAKE_PREFIX_PATH=/home/khanh/Documents/SLAM/ros_ws/install/rtabmap_conversions:/opt/ros/humble:/home/khanh/Documents/SLAM/ros_ws/install/rtabmap_msgs:/home/khanh/Documents/SLAM/ros_ws/install/rtabmap LD_LIBRARY_PATH=/home/khanh/Documents/SLAM/ros_ws/install/rtabmap_conversions/lib:/home/khanh/Documents/SLAM/ros_ws/install/rtabmap_msgs/lib:/home/khanh/Documents/SLAM/ros_ws/install/rtabmap/lib:${LD_LIBRARY_PATH} PATH=/home/khanh/Documents/SLAM/ros_ws/install/rtabmap/bin:${PATH} PKG_CONFIG_PATH=/home/khanh/Documents/SLAM/ros_ws/install/rtabmap_msgs/lib/x86_64-linux-gnu/pkgconfig:/home/khanh/Documents/SLAM/ros_ws/install/rtabmap_msgs/lib/pkgconfig:/home/khanh/Documents/SLAM/ros_ws/install/rtabmap/lib/x86_64-linux-gnu/pkgconfig:/home/khanh/Documents/SLAM/ros_ws/install/rtabmap/lib/pkgconfig PYTHONPATH=/home/khanh/Documents/SLAM/ros_ws/install/rtabmap_msgs/local/lib/python3.10/dist-packages:${PYTHONPATH} ROS_PACKAGE_PATH=/home/khanh/Documents/SLAM/ros_ws/install/rtabmap_msgs/share /usr/bin/cmake /home/khanh/Documents/SLAM/ros_ws/src/rtabmap_ros/rtabmap_sync -DCMAKE_BUILD_TYPE=Release -DAMENT_CMAKE_SYMLINK_INSTALL=1 -DCMAKE_INSTALL_PREFIX=/home/khanh/Documents/SLAM/ros_ws/install/rtabmap_sync
[4.196s] Invoking command in '/home/khanh/Documents/SLAM/ros_ws/build/rtabmap_sync': AMENT_PREFIX_PATH=/home/khanh/Documents/SLAM/ros_ws/install/rtabmap_conversions:${AMENT_PREFIX_PATH} CMAKE_PREFIX_PATH=/home/khanh/Documents/SLAM/ros_ws/install/rtabmap_conversions:/opt/ros/humble:/home/khanh/Documents/SLAM/ros_ws/install/rtabmap_msgs:/home/khanh/Documents/SLAM/ros_ws/install/rtabmap LD_LIBRARY_PATH=/home/khanh/Documents/SLAM/ros_ws/install/rtabmap_conversions/lib:/home/khanh/Documents/SLAM/ros_ws/install/rtabmap_msgs/lib:/home/khanh/Documents/SLAM/ros_ws/install/rtabmap/lib:${LD_LIBRARY_PATH} PATH=/home/khanh/Documents/SLAM/ros_ws/install/rtabmap/bin:${PATH} PKG_CONFIG_PATH=/home/khanh/Documents/SLAM/ros_ws/install/rtabmap_msgs/lib/x86_64-linux-gnu/pkgconfig:/home/khanh/Documents/SLAM/ros_ws/install/rtabmap_msgs/lib/pkgconfig:/home/khanh/Documents/SLAM/ros_ws/install/rtabmap/lib/x86_64-linux-gnu/pkgconfig:/home/khanh/Documents/SLAM/ros_ws/install/rtabmap/lib/pkgconfig PYTHONPATH=/home/khanh/Documents/SLAM/ros_ws/install/rtabmap_msgs/local/lib/python3.10/dist-packages:${PYTHONPATH} ROS_PACKAGE_PATH=/home/khanh/Documents/SLAM/ros_ws/install/rtabmap_msgs/share /usr/bin/cmake --build /home/khanh/Documents/SLAM/ros_ws/build/rtabmap_sync
[4.254s] [ 26%] [32mBuilding CXX object CMakeFiles/rtabmap_sync.dir/src/CommonDataSubscriber.cpp.o[0m
[4.254s] [ 26%] [32mBuilding CXX object CMakeFiles/rtabmap_sync.dir/src/impl/CommonDataSubscriberDepth.cpp.o[0m
[4.254s] [ 26%] [32mBuilding CXX object CMakeFiles/rtabmap_sync_plugins.dir/src/nodelets/rgbdx_sync.cpp.o[0m
[4.254s] [ 26%] [32mBuilding CXX object CMakeFiles/rtabmap_sync_plugins.dir/src/nodelets/rgbd_sync.cpp.o[0m
[4.254s] [ 26%] [32mBuilding CXX object CMakeFiles/rtabmap_sync_plugins.dir/src/nodelets/stereo_sync.cpp.o[0m
[4.254s] [ 26%] [32mBuilding CXX object CMakeFiles/rtabmap_sync.dir/src/impl/CommonDataSubscriberStereo.cpp.o[0m
[34.758s] [01m[Kc++:[m[K [01;31m[Kfatal error: [m[KKilled signal terminated program cc1plus
[34.761s] compilation terminated.
[34.763s] gmake[2]: *** [CMakeFiles/rtabmap_sync.dir/build.make:76: CMakeFiles/rtabmap_sync.dir/src/CommonDataSubscriber.cpp.o] Error 1
[34.765s] gmake[2]: *** Waiting for unfinished jobs....
[34.960s] [ 30%] [32mBuilding CXX object CMakeFiles/rtabmap_sync_plugins.dir/src/nodelets/rgb_sync.cpp.o[0m
[60.725s] [01m[Kc++:[m[K [01;31m[Kfatal error: [m[KKilled signal terminated program cc1plus
[60.726s] compilation terminated.
[60.726s] gmake[2]: *** [CMakeFiles/rtabmap_sync.dir/build.make:90: CMakeFiles/rtabmap_sync.dir/src/impl/CommonDataSubscriberDepth.cpp.o] Error 1
[63.707s] [01m[Kc++:[m[K [01;31m[Kfatal error: [m[KKilled signal terminated program cc1plus
[63.709s] compilation terminated.
[63.710s] gmake[2]: *** [CMakeFiles/rtabmap_sync_plugins.dir/build.make:76: CMakeFiles/rtabmap_sync_plugins.dir/src/nodelets/rgbdx_sync.cpp.o] Error 1
[63.712s] gmake[2]: *** Waiting for unfinished jobs....
[65.524s] [01m[Kc++:[m[K [01;31m[Kfatal error: [m[KKilled signal terminated program cc1plus
[65.526s] compilation terminated.
[65.527s] gmake[2]: *** [CMakeFiles/rtabmap_sync_plugins.dir/build.make:90: CMakeFiles/rtabmap_sync_plugins.dir/src/nodelets/rgbd_sync.cpp.o] Error 1
[423.832s] [01m[Kc++:[m[K [01;31m[Kfatal error: [m[KKilled signal terminated program cc1plus
[423.835s] compilation terminated.
[423.845s] gmake[2]: *** [CMakeFiles/rtabmap_sync.dir/build.make:104: CMakeFiles/rtabmap_sync.dir/src/impl/CommonDataSubscriberStereo.cpp.o] Error 1
[423.850s] gmake[1]: *** [CMakeFiles/Makefile2:147: CMakeFiles/rtabmap_sync.dir/all] Error 2
[423.851s] gmake[1]: *** Waiting for unfinished jobs....
[443.707s] gmake[1]: *** [CMakeFiles/Makefile2:173: CMakeFiles/rtabmap_sync_plugins.dir/all] Error 2
[443.708s] gmake: *** [Makefile:146: all] Error 2
[443.709s] Invoked command in '/home/khanh/Documents/SLAM/ros_ws/build/rtabmap_sync' returned '2': AMENT_PREFIX_PATH=/home/khanh/Documents/SLAM/ros_ws/install/rtabmap_conversions:${AMENT_PREFIX_PATH} CMAKE_PREFIX_PATH=/home/khanh/Documents/SLAM/ros_ws/install/rtabmap_conversions:/opt/ros/humble:/home/khanh/Documents/SLAM/ros_ws/install/rtabmap_msgs:/home/khanh/Documents/SLAM/ros_ws/install/rtabmap LD_LIBRARY_PATH=/home/khanh/Documents/SLAM/ros_ws/install/rtabmap_conversions/lib:/home/khanh/Documents/SLAM/ros_ws/install/rtabmap_msgs/lib:/home/khanh/Documents/SLAM/ros_ws/install/rtabmap/lib:${LD_LIBRARY_PATH} PATH=/home/khanh/Documents/SLAM/ros_ws/install/rtabmap/bin:${PATH} PKG_CONFIG_PATH=/home/khanh/Documents/SLAM/ros_ws/install/rtabmap_msgs/lib/x86_64-linux-gnu/pkgconfig:/home/khanh/Documents/SLAM/ros_ws/install/rtabmap_msgs/lib/pkgconfig:/home/khanh/Documents/SLAM/ros_ws/install/rtabmap/lib/x86_64-linux-gnu/pkgconfig:/home/khanh/Documents/SLAM/ros_ws/install/rtabmap/lib/pkgconfig PYTHONPATH=/home/khanh/Documents/SLAM/ros_ws/install/rtabmap_msgs/local/lib/python3.10/dist-packages:${PYTHONPATH} ROS_PACKAGE_PATH=/home/khanh/Documents/SLAM/ros_ws/install/rtabmap_msgs/share /usr/bin/cmake --build /home/khanh/Documents/SLAM/ros_ws/build/rtabmap_sync
