[0.053s] Invoking command in '/SLAM/ros_ws/build/sllidar_ros2': CMAKE_PREFIX_PATH=${CMAKE_PREFIX_PATH}:/opt/ros/humble /usr/bin/cmake --build /SLAM/ros_ws/build/sllidar_ros2 -- -j16 -l16
[0.100s] [35m[1mConsolidate compiler generated dependencies of target sllidar_node[0m
[0.116s] [ 10%] Built target sllidar_client
[0.142s] [ 15%] [32mBuilding CXX object CMakeFiles/sllidar_node.dir/src/sllidar_node.cpp.o[0m
[1.973s] In file included from [01m[K/SLAM/ros_ws/src/sllidar_ros2/./sdk/include/sl_lidar_cmd.h:41[m[K,
[1.973s]                  from [01m[K/SLAM/ros_ws/src/sllidar_ros2/./sdk/include/sl_lidar_driver.h:54[m[K,
[1.973s]                  from [01m[K/SLAM/ros_ws/src/sllidar_ros2/./sdk/include/sl_lidar.h:36[m[K,
[1.973s]                  from [01m[K/SLAM/ros_ws/src/sllidar_ros2/src/sllidar_node.cpp:38[m[K:
[1.973s] [01m[K/SLAM/ros_ws/src/sllidar_ros2/./sdk/include/sl_lidar_protocol.h:66:16:[m[K [01;35m[Kwarning: [m[KISO C++ forbids zero-size array â€˜[01m[Kdata[m[Kâ€™ [[01;35m[K]8;;https://gcc.gnu.org/onlinedocs/gcc/Warning-Options.html#index-Wpedantic-Wpedantic]8;;[m[K]
[1.973s]    66 |     sl_u8 data[[01;35m[K0[m[K];
[1.973s]       |                [01;35m[K^[m[K
[1.973s] In file included from [01m[K/SLAM/ros_ws/src/sllidar_ros2/./sdk/include/sl_lidar_driver.h:54[m[K,
[1.973s]                  from [01m[K/SLAM/ros_ws/src/sllidar_ros2/./sdk/include/sl_lidar.h:36[m[K,
[1.973s]                  from [01m[K/SLAM/ros_ws/src/sllidar_ros2/src/sllidar_node.cpp:38[m[K:
[1.973s] [01m[K/SLAM/ros_ws/src/sllidar_ros2/./sdk/include/sl_lidar_cmd.h:324:20:[m[K [01;35m[Kwarning: [m[KISO C++ forbids zero-size array â€˜[01m[Kpayload[m[Kâ€™ [[01;35m[K]8;;https://gcc.gnu.org/onlinedocs/gcc/Warning-Options.html#index-Wpedantic-Wpedantic]8;;[m[K]
[1.973s]   324 |     sl_u8  payload[[01;35m[K0[m[K];
[1.974s]       |                    [01;35m[K^[m[K
[2.013s] [01m[K/SLAM/ros_ws/src/sllidar_ros2/src/sllidar_node.cpp:[m[K In member function â€˜[01m[Kint SLlidarNode::work_loop()[m[Kâ€™:
[2.013s] [01m[K/SLAM/ros_ws/src/sllidar_ros2/src/sllidar_node.cpp:311:52:[m[K [01;31m[Kerror: [m[Kâ€˜[01m[Kendln[m[Kâ€™ was not declared in this scope
[2.013s]   311 |         std::cout << "Scan mode: " << scan_mode << [01;31m[Kendln[m[K;
[2.013s]       |                                                    [01;31m[K^~~~~[m[K
[2.762s] gmake[2]: *** [CMakeFiles/sllidar_node.dir/build.make:76: CMakeFiles/sllidar_node.dir/src/sllidar_node.cpp.o] Error 1
[2.762s] gmake[1]: *** [CMakeFiles/Makefile2:139: CMakeFiles/sllidar_node.dir/all] Error 2
[2.762s] gmake: *** [Makefile:146: all] Error 2
[2.765s] Invoked command in '/SLAM/ros_ws/build/sllidar_ros2' returned '2': CMAKE_PREFIX_PATH=${CMAKE_PREFIX_PATH}:/opt/ros/humble /usr/bin/cmake --build /SLAM/ros_ws/build/sllidar_ros2 -- -j16 -l16
