[0.074s] Invoking command in '/home/khanh/Documents/SLAM/ros_ws/build/rtabmap_util': AMENT_PREFIX_PATH=/home/khanh/Documents/SLAM/ros_ws/install/rtabmap_conversions:${AMENT_PREFIX_PATH} CMAKE_PREFIX_PATH=/home/khanh/Documents/SLAM/ros_ws/install/rtabmap_conversions:/opt/ros/humble:/home/khanh/Documents/SLAM/ros_ws/install/rtabmap_msgs:/home/khanh/Documents/SLAM/ros_ws/install/rtabmap LD_LIBRARY_PATH=/home/khanh/Documents/SLAM/ros_ws/install/rtabmap_conversions/lib:/home/khanh/Documents/SLAM/ros_ws/install/rtabmap_msgs/lib:/home/khanh/Documents/SLAM/ros_ws/install/rtabmap/lib:${LD_LIBRARY_PATH} PATH=/home/khanh/Documents/SLAM/ros_ws/install/rtabmap/bin:${PATH} PKG_CONFIG_PATH=/home/khanh/Documents/SLAM/ros_ws/install/rtabmap_msgs/lib/x86_64-linux-gnu/pkgconfig:/home/khanh/Documents/SLAM/ros_ws/install/rtabmap_msgs/lib/pkgconfig:/home/khanh/Documents/SLAM/ros_ws/install/rtabmap/lib/x86_64-linux-gnu/pkgconfig:/home/khanh/Documents/SLAM/ros_ws/install/rtabmap/lib/pkgconfig PYTHONPATH=/home/khanh/Documents/SLAM/ros_ws/install/rtabmap_msgs/local/lib/python3.10/dist-packages:${PYTHONPATH} ROS_PACKAGE_PATH=/home/khanh/Documents/SLAM/ros_ws/install/rtabmap_msgs/share /usr/bin/cmake --build /home/khanh/Documents/SLAM/ros_ws/build/rtabmap_util
[0.144s] [  2%] [32mBuilding CXX object CMakeFiles/rtabmap_util_plugins.dir/src/MapsManager.cpp.o[0m
[0.153s] [  5%] [32mBuilding CXX object CMakeFiles/rtabmap_util_plugins.dir/src/nodelets/point_cloud_xyz.cpp.o[0m
[0.154s] [ 17%] [32mBuilding CXX object CMakeFiles/rtabmap_util_plugins.dir/src/nodelets/point_cloud_assembler.cpp.o[0m
[0.154s] [ 17%] [32mBuilding CXX object CMakeFiles/rtabmap_util_plugins.dir/src/nodelets/imu_to_tf.cpp.o[0m
[0.154s] [ 17%] [32mBuilding CXX object CMakeFiles/rtabmap_util_plugins.dir/src/nodelets/point_cloud_aggregator.cpp.o[0m
[0.154s] [ 17%] [32mBuilding CXX object CMakeFiles/rtabmap_util_plugins.dir/src/nodelets/obstacles_detection.cpp.o[0m
[0.707s] In file included from [01m[K/home/khanh/Documents/SLAM/ros_ws/src/rtabmap_ros/rtabmap_util/src/nodelets/obstacles_detection.cpp:28[m[K:
[0.708s] [01m[K/home/khanh/Documents/SLAM/ros_ws/src/rtabmap_ros/rtabmap_util/include/rtabmap_util/obstacles_detection.hpp:36:10:[m[K [01;31m[Kfatal error: [m[Krtabmap/core/LocalGridMaker.h: No such file or directory
[0.708s]    36 | #include [01;31m[K<rtabmap/core/LocalGridMaker.h>[m[K
[0.708s]       |          [01;31m[K^~~~~~~~~~~~~~~~~~~~~~~~~~~~~~~[m[K
[0.708s] compilation terminated.
[0.713s] gmake[2]: *** [CMakeFiles/rtabmap_util_plugins.dir/build.make:146: CMakeFiles/rtabmap_util_plugins.dir/src/nodelets/obstacles_detection.cpp.o] Error 1
[0.713s] gmake[2]: *** Waiting for unfinished jobs....
[1.503s] In file included from [01m[K/home/khanh/Documents/SLAM/ros_ws/src/rtabmap_ros/rtabmap_util/src/MapsManager.cpp:27[m[K:
[1.503s] [01m[K/home/khanh/Documents/SLAM/ros_ws/src/rtabmap_ros/rtabmap_util/include/rtabmap_util/MapsManager.h:34:10:[m[K [01;31m[Kfatal error: [m[Krtabmap/core/LocalGrid.h: No such file or directory
[1.504s]    34 | #include [01;31m[K<rtabmap/core/LocalGrid.h>[m[K
[1.504s]       |          [01;31m[K^~~~~~~~~~~~~~~~~~~~~~~~~~[m[K
[1.504s] compilation terminated.
[1.525s] gmake[2]: *** [CMakeFiles/rtabmap_util_plugins.dir/build.make:76: CMakeFiles/rtabmap_util_plugins.dir/src/MapsManager.cpp.o] Error 1
[1.809s] In file included from [01m[K/home/khanh/Documents/SLAM/ros_ws/src/rtabmap_ros/rtabmap_util/src/nodelets/imu_to_tf.cpp:30[m[K:
[1.809s] [01m[K/opt/ros/humble/include/tf2_geometry_msgs/tf2_geometry_msgs/tf2_geometry_msgs.h:35:2:[m[K [01;35m[Kwarning: [m[K#warning This header is obsolete, please include tf2_geometry_msgs/tf2_geometry_msgs.hpp instead [[01;35m[K]8;;https://gcc.gnu.org/onlinedocs/gcc/Warning-Options.html#index-Wcpp-Wcpp]8;;[m[K]
[1.809s]    35 | #[01;35m[Kwarning[m[K This header is obsolete, please include tf2_geometry_msgs/tf2_geometry_msgs.hpp instead
[1.810s]       |  [01;35m[K^~~~~~~[m[K
[150.229s] gmake[2]: *** [CMakeFiles/rtabmap_util_plugins.dir/build.make:104: CMakeFiles/rtabmap_util_plugins.dir/src/nodelets/point_cloud_xyz.cpp.o] Interrupt
[150.230s] gmake[2]: *** [CMakeFiles/rtabmap_util_plugins.dir/build.make:174: CMakeFiles/rtabmap_util_plugins.dir/src/nodelets/point_cloud_assembler.cpp.o] Interrupt
[150.230s] gmake[2]: *** [CMakeFiles/rtabmap_util_plugins.dir/build.make:160: CMakeFiles/rtabmap_util_plugins.dir/src/nodelets/point_cloud_aggregator.cpp.o] Interrupt
[150.230s] gmake[2]: *** [CMakeFiles/rtabmap_util_plugins.dir/build.make:188: CMakeFiles/rtabmap_util_plugins.dir/src/nodelets/imu_to_tf.cpp.o] Interrupt
[150.231s] gmake[1]: *** [CMakeFiles/Makefile2:159: CMakeFiles/rtabmap_util_plugins.dir/all] Interrupt
[150.231s] gmake: *** [Makefile:146: all] Interrupt
[150.491s] Invoked command in '/home/khanh/Documents/SLAM/ros_ws/build/rtabmap_util' returned '-2': AMENT_PREFIX_PATH=/home/khanh/Documents/SLAM/ros_ws/install/rtabmap_conversions:${AMENT_PREFIX_PATH} CMAKE_PREFIX_PATH=/home/khanh/Documents/SLAM/ros_ws/install/rtabmap_conversions:/opt/ros/humble:/home/khanh/Documents/SLAM/ros_ws/install/rtabmap_msgs:/home/khanh/Documents/SLAM/ros_ws/install/rtabmap LD_LIBRARY_PATH=/home/khanh/Documents/SLAM/ros_ws/install/rtabmap_conversions/lib:/home/khanh/Documents/SLAM/ros_ws/install/rtabmap_msgs/lib:/home/khanh/Documents/SLAM/ros_ws/install/rtabmap/lib:${LD_LIBRARY_PATH} PATH=/home/khanh/Documents/SLAM/ros_ws/install/rtabmap/bin:${PATH} PKG_CONFIG_PATH=/home/khanh/Documents/SLAM/ros_ws/install/rtabmap_msgs/lib/x86_64-linux-gnu/pkgconfig:/home/khanh/Documents/SLAM/ros_ws/install/rtabmap_msgs/lib/pkgconfig:/home/khanh/Documents/SLAM/ros_ws/install/rtabmap/lib/x86_64-linux-gnu/pkgconfig:/home/khanh/Documents/SLAM/ros_ws/install/rtabmap/lib/pkgconfig PYTHONPATH=/home/khanh/Documents/SLAM/ros_ws/install/rtabmap_msgs/local/lib/python3.10/dist-packages:${PYTHONPATH} ROS_PACKAGE_PATH=/home/khanh/Documents/SLAM/ros_ws/install/rtabmap_msgs/share /usr/bin/cmake --build /home/khanh/Documents/SLAM/ros_ws/build/rtabmap_util
