-- Found ament_cmake: 1.3.6 (/opt/ros/humble/share/ament_cmake/cmake)
-- Found ament_index_cpp: 1.4.0 (/opt/ros/humble/share/ament_index_cpp/cmake)
-- Found astra_camera_msgs: 1.0.1 (/SLAM/ros_ws/install/astra_camera_msgs/share/astra_camera_msgs/cmake)
-- Found rosidl_generator_c: 3.1.5 (/opt/ros/humble/share/rosidl_generator_c/cmake)
-- Found rosidl_adapter: 3.1.5 (/opt/ros/humble/share/rosidl_adapter/cmake)
-- Found rosidl_generator_cpp: 3.1.5 (/opt/ros/humble/share/rosidl_generator_cpp/cmake)
-- Using all available rosidl_typesupport_c: rosidl_typesupport_fastrtps_c;rosidl_typesupport_introspection_c
-- Using all available rosidl_typesupport_cpp: rosidl_typesupport_fastrtps_cpp;rosidl_typesupport_introspection_cpp
-- Found camera_info_manager: 3.1.7 (/opt/ros/humble/share/camera_info_manager/cmake)
-- Found rmw_implementation_cmake: 6.1.1 (/opt/ros/humble/share/rmw_implementation_cmake/cmake)
-- Found rmw_fastrtps_cpp: 6.2.5 (/opt/ros/humble/share/rmw_fastrtps_cpp/cmake)
-- Using RMW implementation 'rmw_fastrtps_cpp' as default
-- Found class_loader: 2.2.0 (/opt/ros/humble/share/class_loader/cmake)
-- Found cv_bridge: 3.2.1 (/opt/ros/humble/share/cv_bridge/cmake)
-- Found message_filters: 4.3.3 (/opt/ros/humble/share/message_filters/cmake)
-- Found image_geometry: 3.2.1 (/opt/ros/humble/share/image_geometry/cmake)
-- Found image_publisher: 3.0.0 (/SLAM/ros_ws/install/image_publisher/share/image_publisher/cmake)
-- Found std_srvs: 4.2.3 (/opt/ros/humble/share/std_srvs/cmake)
-- Found tf2: 0.25.5 (/opt/ros/humble/share/tf2/cmake)
-- Found tf2_eigen: 0.25.5 (/opt/ros/humble/share/tf2_eigen/cmake)
-- Found tf2_sensor_msgs: 0.25.5 (/opt/ros/humble/share/tf2_sensor_msgs/cmake)
-- ORRBEC Machine : x86_64

-- ORRBEC Machine Bits : 64

-- ORRBEC : x64
-- Found ament_lint_auto: 0.12.9 (/opt/ros/humble/share/ament_lint_auto/cmake)
-- Configuring done
-- Generating done
-- Build files have been written to: /SLAM/ros_ws/build/astra_camera
[  5%] [32mBuilding CXX object CMakeFiles/astra_camera.dir/src/ob_timer_filter.cpp.o[0m
[ 17%] [32mBuilding CXX object CMakeFiles/astra_camera.dir/src/ob_camera_node.cpp.o[0m
[ 17%] [32mBuilding CXX object CMakeFiles/astra_camera.dir/src/ob_camera_node_factory.cpp.o[0m
[ 23%] [32mBuilding CXX object CMakeFiles/astra_camera.dir/src/point_cloud_proc/point_cloud_xyz.cpp.o[0m
[ 29%] [32mBuilding CXX object CMakeFiles/astra_camera.dir/src/point_cloud_proc/point_cloud_xyzrgb.cpp.o[0m
[ 41%] [32mBuilding CXX object CMakeFiles/astra_camera.dir/src/ob_context.cpp.o[0m
[ 41%] [32mBuilding CXX object CMakeFiles/astra_camera.dir/src/ob_camera_info.cpp.o[0m
[ 47%] [32mBuilding CXX object CMakeFiles/astra_camera.dir/src/dynamic_params.cpp.o[0m
[ 52%] [32mBuilding CXX object CMakeFiles/astra_camera.dir/src/ros_param_backend.cpp.o[0m
[ 58%] [32mBuilding CXX object CMakeFiles/astra_camera.dir/src/utils.cpp.o[0m
[ 64%] [32mBuilding CXX object CMakeFiles/astra_camera.dir/src/ros_service.cpp.o[0m
[ 70%] [32mBuilding CXX object CMakeFiles/astra_camera.dir/src/uvc_camera_driver.cpp.o[0m
In file included from [01m[K/SLAM/ros_ws/src/ros_astra_camera/astra_camera/include/astra_camera/ob_camera_node_factory.h:23[m[K,
                 from [01m[K/SLAM/ros_ws/src/ros_astra_camera/astra_camera/src/ob_camera_node_factory.cpp:15[m[K:
[01m[K/SLAM/ros_ws/src/ros_astra_camera/astra_camera/include/astra_camera/ob_camera_node.h:49:10:[m[K [01;31m[Kfatal error: [m[Kob_frame_listener.h: No such file or directory
   49 | #include [01;31m[K"ob_frame_listener.h"[m[K
      |          [01;31m[K^~~~~~~~~~~~~~~~~~~~~[m[K
compilation terminated.
gmake[2]: *** [CMakeFiles/astra_camera.dir/build.make:160: CMakeFiles/astra_camera.dir/src/ob_camera_node_factory.cpp.o] Error 1
gmake[2]: *** Waiting for unfinished jobs....
In file included from [01m[K/SLAM/ros_ws/src/ros_astra_camera/astra_camera/src/ob_camera_node.cpp:13[m[K:
[01m[K/SLAM/ros_ws/src/ros_astra_camera/astra_camera/include/astra_camera/ob_camera_node.h:49:10:[m[K [01;31m[Kfatal error: [m[Kob_frame_listener.h: No such file or directory
   49 | #include [01;31m[K"ob_frame_listener.h"[m[K
      |          [01;31m[K^~~~~~~~~~~~~~~~~~~~~[m[K
compilation terminated.
gmake[2]: *** [CMakeFiles/astra_camera.dir/build.make:174: CMakeFiles/astra_camera.dir/src/ob_camera_node.cpp.o] Error 1
In file included from [01m[K/SLAM/ros_ws/src/ros_astra_camera/astra_camera/src/ob_camera_info.cpp:18[m[K:
[01m[K/SLAM/ros_ws/src/ros_astra_camera/astra_camera/include/astra_camera/ob_camera_node.h:49:10:[m[K [01;31m[Kfatal error: [m[Kob_frame_listener.h: No such file or directory
   49 | #include [01;31m[K"ob_frame_listener.h"[m[K
      |          [01;31m[K^~~~~~~~~~~~~~~~~~~~~[m[K
compilation terminated.
gmake[2]: *** [CMakeFiles/astra_camera.dir/build.make:132: CMakeFiles/astra_camera.dir/src/ob_camera_info.cpp.o] Error 1
In file included from [01m[K/SLAM/ros_ws/src/ros_astra_camera/astra_camera/src/ros_service.cpp:19[m[K:
[01m[K/SLAM/ros_ws/src/ros_astra_camera/astra_camera/include/astra_camera/ob_camera_node.h:49:10:[m[K [01;31m[Kfatal error: [m[Kob_frame_listener.h: No such file or directory
   49 | #include [01;31m[K"ob_frame_listener.h"[m[K
      |          [01;31m[K^~~~~~~~~~~~~~~~~~~~~[m[K
compilation terminated.
gmake[2]: *** [CMakeFiles/astra_camera.dir/build.make:202: CMakeFiles/astra_camera.dir/src/ros_service.cpp.o] Error 1
gmake[2]: *** [CMakeFiles/astra_camera.dir/build.make:118: CMakeFiles/astra_camera.dir/src/dynamic_params.cpp.o] Interrupt
gmake[2]: *** [CMakeFiles/astra_camera.dir/build.make:188: CMakeFiles/astra_camera.dir/src/ros_param_backend.cpp.o] Interrupt
gmake[2]: *** [CMakeFiles/astra_camera.dir/build.make:216: CMakeFiles/astra_camera.dir/src/utils.cpp.o] Interrupt
gmake[2]: *** [CMakeFiles/astra_camera.dir/build.make:230: CMakeFiles/astra_camera.dir/src/uvc_camera_driver.cpp.o] Interrupt
gmake[2]: *** [CMakeFiles/astra_camera.dir/build.make:104: CMakeFiles/astra_camera.dir/src/ob_context.cpp.o] Interrupt
gmake[2]: *** [CMakeFiles/astra_camera.dir/build.make:146: CMakeFiles/astra_camera.dir/src/ob_timer_filter.cpp.o] Interrupt
gmake[2]: *** [CMakeFiles/astra_camera.dir/build.make:76: CMakeFiles/astra_camera.dir/src/point_cloud_proc/point_cloud_xyz.cpp.o] Interrupt
gmake[2]: *** wait: No child processes.  Stop.
gmake[1]: *** [CMakeFiles/Makefile2:141: CMakeFiles/astra_camera.dir/all] Error 2
gmake: *** [Makefile:146: all] Interrupt
