[0.171s] Invoking command in '/SLAM/ros_ws/build/astra_camera': CMAKE_PREFIX_PATH=/SLAM/ros_ws/install/image_publisher:/SLAM/ros_ws/install/astra_camera_msgs:/SLAM/ros_ws/install/image_pipeline:/SLAM/ros_ws/install/stereo_image_proc:/SLAM/ros_ws/install/image_proc:/SLAM/ros_ws/install/tracetools_image_pipeline:/SLAM/ros_ws/install/sllidar_ros2:/SLAM/ros_ws/install/orbbec_description:/SLAM/ros_ws/install/orbbec_camera:/SLAM/ros_ws/install/orbbec_camera_msgs:/SLAM/ros_ws/install/magic_enum:/SLAM/ros_ws/install/libuvc:/SLAM/ros_ws/install/image_view:/SLAM/ros_ws/install/image_rotate:/SLAM/ros_ws/install/astra_camera:/SLAM/ros_ws/install/glog:/SLAM/ros_ws/install/depth_image_proc:/SLAM/ros_ws/install/camera_calibration:/opt/ros/humble LD_LIBRARY_PATH=/SLAM/ros_ws/install/image_publisher/lib:/SLAM/ros_ws/install/astra_camera_msgs/lib:/SLAM/ros_ws/install/stereo_image_proc/lib:/SLAM/ros_ws/install/image_proc/lib:/SLAM/ros_ws/install/tracetools_image_pipeline/lib:/SLAM/ros_ws/install/orbbec_camera/lib:/SLAM/ros_ws/install/orbbec_camera_msgs/lib:/SLAM/ros_ws/install/libuvc/lib:/SLAM/ros_ws/install/image_view/lib:/SLAM/ros_ws/install/image_rotate/lib:/SLAM/ros_ws/install/astra_camera/lib:/SLAM/ros_ws/install/glog/lib:/SLAM/ros_ws/install/depth_image_proc/lib:/opt/ros/humble/opt/rviz_ogre_vendor/lib:/opt/ros/humble/lib/x86_64-linux-gnu:/opt/ros/humble/lib /usr/bin/cmake /SLAM/ros_ws/src/ros_astra_camera/astra_camera -DCMAKE_INSTALL_PREFIX=/SLAM/ros_ws/install/astra_camera
[0.184s] -- Found ament_cmake: 1.3.6 (/opt/ros/humble/share/ament_cmake/cmake)
[0.355s] -- Found ament_index_cpp: 1.4.0 (/opt/ros/humble/share/ament_index_cpp/cmake)
[0.356s] -- Found astra_camera_msgs: 1.0.1 (/SLAM/ros_ws/install/astra_camera_msgs/share/astra_camera_msgs/cmake)
[0.395s] -- Found rosidl_generator_c: 3.1.5 (/opt/ros/humble/share/rosidl_generator_c/cmake)
[0.399s] -- Found rosidl_adapter: 3.1.5 (/opt/ros/humble/share/rosidl_adapter/cmake)
[0.410s] -- Found rosidl_generator_cpp: 3.1.5 (/opt/ros/humble/share/rosidl_generator_cpp/cmake)
[0.429s] -- Using all available rosidl_typesupport_c: rosidl_typesupport_fastrtps_c;rosidl_typesupport_introspection_c
[0.454s] -- Using all available rosidl_typesupport_cpp: rosidl_typesupport_fastrtps_cpp;rosidl_typesupport_introspection_cpp
[1.003s] -- Found camera_info_manager: 3.1.7 (/opt/ros/humble/share/camera_info_manager/cmake)
[1.078s] -- Found rmw_implementation_cmake: 6.1.1 (/opt/ros/humble/share/rmw_implementation_cmake/cmake)
[1.080s] -- Found rmw_fastrtps_cpp: 6.2.5 (/opt/ros/humble/share/rmw_fastrtps_cpp/cmake)
[1.323s] -- Using RMW implementation 'rmw_fastrtps_cpp' as default
[1.536s] -- Found class_loader: 2.2.0 (/opt/ros/humble/share/class_loader/cmake)
[1.538s] -- Found cv_bridge: 3.2.1 (/opt/ros/humble/share/cv_bridge/cmake)
[1.552s] -- Found message_filters: 4.3.3 (/opt/ros/humble/share/message_filters/cmake)
[1.558s] -- Found image_geometry: 3.2.1 (/opt/ros/humble/share/image_geometry/cmake)
[1.565s] -- Found image_publisher: 3.0.0 (/SLAM/ros_ws/install/image_publisher/share/image_publisher/cmake)
[1.668s] -- Found std_srvs: 4.2.3 (/opt/ros/humble/share/std_srvs/cmake)
[1.684s] -- Found tf2: 0.25.5 (/opt/ros/humble/share/tf2/cmake)
[1.691s] -- Found tf2_eigen: 0.25.5 (/opt/ros/humble/share/tf2_eigen/cmake)
[1.993s] -- Found tf2_sensor_msgs: 0.25.5 (/opt/ros/humble/share/tf2_sensor_msgs/cmake)
[2.048s] -- ORRBEC Machine : x86_64
[2.048s] 
[2.048s] -- ORRBEC Machine Bits : 64
[2.048s] 
[2.048s] -- ORRBEC : x64
[2.524s] -- Found ament_lint_auto: 0.12.9 (/opt/ros/humble/share/ament_lint_auto/cmake)
[2.650s] -- Configuring done
[2.801s] -- Generating done
[2.803s] -- Build files have been written to: /SLAM/ros_ws/build/astra_camera
[2.831s] Invoked command in '/SLAM/ros_ws/build/astra_camera' returned '0': CMAKE_PREFIX_PATH=/SLAM/ros_ws/install/image_publisher:/SLAM/ros_ws/install/astra_camera_msgs:/SLAM/ros_ws/install/image_pipeline:/SLAM/ros_ws/install/stereo_image_proc:/SLAM/ros_ws/install/image_proc:/SLAM/ros_ws/install/tracetools_image_pipeline:/SLAM/ros_ws/install/sllidar_ros2:/SLAM/ros_ws/install/orbbec_description:/SLAM/ros_ws/install/orbbec_camera:/SLAM/ros_ws/install/orbbec_camera_msgs:/SLAM/ros_ws/install/magic_enum:/SLAM/ros_ws/install/libuvc:/SLAM/ros_ws/install/image_view:/SLAM/ros_ws/install/image_rotate:/SLAM/ros_ws/install/astra_camera:/SLAM/ros_ws/install/glog:/SLAM/ros_ws/install/depth_image_proc:/SLAM/ros_ws/install/camera_calibration:/opt/ros/humble LD_LIBRARY_PATH=/SLAM/ros_ws/install/image_publisher/lib:/SLAM/ros_ws/install/astra_camera_msgs/lib:/SLAM/ros_ws/install/stereo_image_proc/lib:/SLAM/ros_ws/install/image_proc/lib:/SLAM/ros_ws/install/tracetools_image_pipeline/lib:/SLAM/ros_ws/install/orbbec_camera/lib:/SLAM/ros_ws/install/orbbec_camera_msgs/lib:/SLAM/ros_ws/install/libuvc/lib:/SLAM/ros_ws/install/image_view/lib:/SLAM/ros_ws/install/image_rotate/lib:/SLAM/ros_ws/install/astra_camera/lib:/SLAM/ros_ws/install/glog/lib:/SLAM/ros_ws/install/depth_image_proc/lib:/opt/ros/humble/opt/rviz_ogre_vendor/lib:/opt/ros/humble/lib/x86_64-linux-gnu:/opt/ros/humble/lib /usr/bin/cmake /SLAM/ros_ws/src/ros_astra_camera/astra_camera -DCMAKE_INSTALL_PREFIX=/SLAM/ros_ws/install/astra_camera
[2.832s] Invoking command in '/SLAM/ros_ws/build/astra_camera': CMAKE_PREFIX_PATH=/SLAM/ros_ws/install/image_publisher:/SLAM/ros_ws/install/astra_camera_msgs:/SLAM/ros_ws/install/image_pipeline:/SLAM/ros_ws/install/stereo_image_proc:/SLAM/ros_ws/install/image_proc:/SLAM/ros_ws/install/tracetools_image_pipeline:/SLAM/ros_ws/install/sllidar_ros2:/SLAM/ros_ws/install/orbbec_description:/SLAM/ros_ws/install/orbbec_camera:/SLAM/ros_ws/install/orbbec_camera_msgs:/SLAM/ros_ws/install/magic_enum:/SLAM/ros_ws/install/libuvc:/SLAM/ros_ws/install/image_view:/SLAM/ros_ws/install/image_rotate:/SLAM/ros_ws/install/astra_camera:/SLAM/ros_ws/install/glog:/SLAM/ros_ws/install/depth_image_proc:/SLAM/ros_ws/install/camera_calibration:/opt/ros/humble LD_LIBRARY_PATH=/SLAM/ros_ws/install/image_publisher/lib:/SLAM/ros_ws/install/astra_camera_msgs/lib:/SLAM/ros_ws/install/stereo_image_proc/lib:/SLAM/ros_ws/install/image_proc/lib:/SLAM/ros_ws/install/tracetools_image_pipeline/lib:/SLAM/ros_ws/install/orbbec_camera/lib:/SLAM/ros_ws/install/orbbec_camera_msgs/lib:/SLAM/ros_ws/install/libuvc/lib:/SLAM/ros_ws/install/image_view/lib:/SLAM/ros_ws/install/image_rotate/lib:/SLAM/ros_ws/install/astra_camera/lib:/SLAM/ros_ws/install/glog/lib:/SLAM/ros_ws/install/depth_image_proc/lib:/opt/ros/humble/opt/rviz_ogre_vendor/lib:/opt/ros/humble/lib/x86_64-linux-gnu:/opt/ros/humble/lib /usr/bin/cmake --build /SLAM/ros_ws/build/astra_camera -- -j16 -l16
[2.947s] [  5%] [32mBuilding CXX object CMakeFiles/astra_camera.dir/src/ob_timer_filter.cpp.o[0m
[2.947s] [ 17%] [32mBuilding CXX object CMakeFiles/astra_camera.dir/src/ob_camera_node.cpp.o[0m
[2.948s] [ 17%] [32mBuilding CXX object CMakeFiles/astra_camera.dir/src/ob_camera_node_factory.cpp.o[0m
[2.954s] [ 23%] [32mBuilding CXX object CMakeFiles/astra_camera.dir/src/point_cloud_proc/point_cloud_xyz.cpp.o[0m
[2.959s] [ 29%] [32mBuilding CXX object CMakeFiles/astra_camera.dir/src/point_cloud_proc/point_cloud_xyzrgb.cpp.o[0m
[2.964s] [ 41%] [32mBuilding CXX object CMakeFiles/astra_camera.dir/src/ob_context.cpp.o[0m
[2.964s] [ 41%] [32mBuilding CXX object CMakeFiles/astra_camera.dir/src/ob_camera_info.cpp.o[0m
[2.967s] [ 47%] [32mBuilding CXX object CMakeFiles/astra_camera.dir/src/dynamic_params.cpp.o[0m
[2.986s] [ 52%] [32mBuilding CXX object CMakeFiles/astra_camera.dir/src/ros_param_backend.cpp.o[0m
[3.083s] [ 58%] [32mBuilding CXX object CMakeFiles/astra_camera.dir/src/utils.cpp.o[0m
[3.084s] [ 64%] [32mBuilding CXX object CMakeFiles/astra_camera.dir/src/ros_service.cpp.o[0m
[3.101s] [ 70%] [32mBuilding CXX object CMakeFiles/astra_camera.dir/src/uvc_camera_driver.cpp.o[0m
[4.383s] In file included from [01m[K/SLAM/ros_ws/src/ros_astra_camera/astra_camera/include/astra_camera/ob_camera_node_factory.h:23[m[K,
[4.383s]                  from [01m[K/SLAM/ros_ws/src/ros_astra_camera/astra_camera/src/ob_camera_node_factory.cpp:15[m[K:
[4.384s] [01m[K/SLAM/ros_ws/src/ros_astra_camera/astra_camera/include/astra_camera/ob_camera_node.h:49:10:[m[K [01;31m[Kfatal error: [m[Kob_frame_listener.h: No such file or directory
[4.384s]    49 | #include [01;31m[K"ob_frame_listener.h"[m[K
[4.384s]       |          [01;31m[K^~~~~~~~~~~~~~~~~~~~~[m[K
[4.385s] compilation terminated.
[4.397s] gmake[2]: *** [CMakeFiles/astra_camera.dir/build.make:160: CMakeFiles/astra_camera.dir/src/ob_camera_node_factory.cpp.o] Error 1
[4.397s] gmake[2]: *** Waiting for unfinished jobs....
[4.656s] In file included from [01m[K/SLAM/ros_ws/src/ros_astra_camera/astra_camera/src/ob_camera_node.cpp:13[m[K:
[4.657s] [01m[K/SLAM/ros_ws/src/ros_astra_camera/astra_camera/include/astra_camera/ob_camera_node.h:49:10:[m[K [01;31m[Kfatal error: [m[Kob_frame_listener.h: No such file or directory
[4.657s]    49 | #include [01;31m[K"ob_frame_listener.h"[m[K
[4.658s]       |          [01;31m[K^~~~~~~~~~~~~~~~~~~~~[m[K
[4.659s] compilation terminated.
[4.671s] gmake[2]: *** [CMakeFiles/astra_camera.dir/build.make:174: CMakeFiles/astra_camera.dir/src/ob_camera_node.cpp.o] Error 1
[4.751s] In file included from [01m[K/SLAM/ros_ws/src/ros_astra_camera/astra_camera/src/ob_camera_info.cpp:18[m[K:
[4.752s] [01m[K/SLAM/ros_ws/src/ros_astra_camera/astra_camera/include/astra_camera/ob_camera_node.h:49:10:[m[K [01;31m[Kfatal error: [m[Kob_frame_listener.h: No such file or directory
[4.752s]    49 | #include [01;31m[K"ob_frame_listener.h"[m[K
[4.752s]       |          [01;31m[K^~~~~~~~~~~~~~~~~~~~~[m[K
[4.752s] compilation terminated.
[4.766s] gmake[2]: *** [CMakeFiles/astra_camera.dir/build.make:132: CMakeFiles/astra_camera.dir/src/ob_camera_info.cpp.o] Error 1
[5.375s] In file included from [01m[K/SLAM/ros_ws/src/ros_astra_camera/astra_camera/src/ros_service.cpp:19[m[K:
[5.375s] [01m[K/SLAM/ros_ws/src/ros_astra_camera/astra_camera/include/astra_camera/ob_camera_node.h:49:10:[m[K [01;31m[Kfatal error: [m[Kob_frame_listener.h: No such file or directory
[5.375s]    49 | #include [01;31m[K"ob_frame_listener.h"[m[K
[5.375s]       |          [01;31m[K^~~~~~~~~~~~~~~~~~~~~[m[K
[5.376s] compilation terminated.
[5.395s] gmake[2]: *** [CMakeFiles/astra_camera.dir/build.make:202: CMakeFiles/astra_camera.dir/src/ros_service.cpp.o] Error 1
[6.027s] gmake[2]: *** [CMakeFiles/astra_camera.dir/build.make:118: CMakeFiles/astra_camera.dir/src/dynamic_params.cpp.o] Interrupt
[6.027s] gmake[2]: *** [CMakeFiles/astra_camera.dir/build.make:188: CMakeFiles/astra_camera.dir/src/ros_param_backend.cpp.o] Interrupt
[6.027s] gmake[2]: *** [CMakeFiles/astra_camera.dir/build.make:216: CMakeFiles/astra_camera.dir/src/utils.cpp.o] Interrupt
[6.028s] gmake[2]: *** [CMakeFiles/astra_camera.dir/build.make:230: CMakeFiles/astra_camera.dir/src/uvc_camera_driver.cpp.o] Interrupt
[6.031s] gmake[2]: *** [CMakeFiles/astra_camera.dir/build.make:104: CMakeFiles/astra_camera.dir/src/ob_context.cpp.o] Interrupt
[6.031s] gmake[2]: *** [CMakeFiles/astra_camera.dir/build.make:146: CMakeFiles/astra_camera.dir/src/ob_timer_filter.cpp.o] Interrupt
[6.031s] gmake[2]: *** [CMakeFiles/astra_camera.dir/build.make:76: CMakeFiles/astra_camera.dir/src/point_cloud_proc/point_cloud_xyz.cpp.o] Interrupt
[6.031s] gmake[2]: *** wait: No child processes.  Stop.
[6.031s] gmake[1]: *** [CMakeFiles/Makefile2:141: CMakeFiles/astra_camera.dir/all] Error 2
[6.032s] gmake: *** [Makefile:146: all] Interrupt
[6.100s] Invoked command in '/SLAM/ros_ws/build/astra_camera' returned '-2': CMAKE_PREFIX_PATH=/SLAM/ros_ws/install/image_publisher:/SLAM/ros_ws/install/astra_camera_msgs:/SLAM/ros_ws/install/image_pipeline:/SLAM/ros_ws/install/stereo_image_proc:/SLAM/ros_ws/install/image_proc:/SLAM/ros_ws/install/tracetools_image_pipeline:/SLAM/ros_ws/install/sllidar_ros2:/SLAM/ros_ws/install/orbbec_description:/SLAM/ros_ws/install/orbbec_camera:/SLAM/ros_ws/install/orbbec_camera_msgs:/SLAM/ros_ws/install/magic_enum:/SLAM/ros_ws/install/libuvc:/SLAM/ros_ws/install/image_view:/SLAM/ros_ws/install/image_rotate:/SLAM/ros_ws/install/astra_camera:/SLAM/ros_ws/install/glog:/SLAM/ros_ws/install/depth_image_proc:/SLAM/ros_ws/install/camera_calibration:/opt/ros/humble LD_LIBRARY_PATH=/SLAM/ros_ws/install/image_publisher/lib:/SLAM/ros_ws/install/astra_camera_msgs/lib:/SLAM/ros_ws/install/stereo_image_proc/lib:/SLAM/ros_ws/install/image_proc/lib:/SLAM/ros_ws/install/tracetools_image_pipeline/lib:/SLAM/ros_ws/install/orbbec_camera/lib:/SLAM/ros_ws/install/orbbec_camera_msgs/lib:/SLAM/ros_ws/install/libuvc/lib:/SLAM/ros_ws/install/image_view/lib:/SLAM/ros_ws/install/image_rotate/lib:/SLAM/ros_ws/install/astra_camera/lib:/SLAM/ros_ws/install/glog/lib:/SLAM/ros_ws/install/depth_image_proc/lib:/opt/ros/humble/opt/rviz_ogre_vendor/lib:/opt/ros/humble/lib/x86_64-linux-gnu:/opt/ros/humble/lib /usr/bin/cmake --build /SLAM/ros_ws/build/astra_camera -- -j16 -l16
