[0.048s] Invoking command in '/SLAM/ros_ws/build/rtabmap_rviz_plugins': AMENT_PREFIX_PATH=/SLAM/ros_ws/install/rtabmap_conversions:${AMENT_PREFIX_PATH} CMAKE_PREFIX_PATH=/SLAM/ros_ws/install/rtabmap_conversions:/opt/ros/humble:/SLAM/ros_ws/install/rtabmap_msgs:/SLAM/ros_ws/install/rtabmap LD_LIBRARY_PATH=/SLAM/ros_ws/install/rtabmap_conversions/lib:/SLAM/ros_ws/install/rtabmap_msgs/lib:/SLAM/ros_ws/install/rtabmap/lib:${LD_LIBRARY_PATH} PATH=/SLAM/ros_ws/install/rtabmap/bin:${PATH} PKG_CONFIG_PATH=/SLAM/ros_ws/install/rtabmap_msgs/lib/x86_64-linux-gnu/pkgconfig:/SLAM/ros_ws/install/rtabmap_msgs/lib/pkgconfig:/SLAM/ros_ws/install/rtabmap/lib/x86_64-linux-gnu/pkgconfig:/SLAM/ros_ws/install/rtabmap/lib/pkgconfig PYTHONPATH=/SLAM/ros_ws/install/rtabmap_msgs/local/lib/python3.10/dist-packages:${PYTHONPATH} ROS_PACKAGE_PATH=/SLAM/ros_ws/install/rtabmap_msgs/share /usr/bin/cmake --build /SLAM/ros_ws/build/rtabmap_rviz_plugins
[0.112s] [ 40%] [32mBuilding CXX object CMakeFiles/rtabmap_rviz_plugins.dir/src/InfoDisplay.cpp.o[0m
[0.112s] [ 40%] [32mBuilding CXX object CMakeFiles/rtabmap_rviz_plugins.dir/src/MapCloudDisplay.cpp.o[0m
[0.112s] [ 40%] [32mBuilding CXX object CMakeFiles/rtabmap_rviz_plugins.dir/src/MapGraphDisplay.cpp.o[0m
[0.113s] [ 40%] [32mBuilding CXX object CMakeFiles/rtabmap_rviz_plugins.dir/include/rtabmap_rviz_plugins/moc_MapCloudDisplay.cpp.o[0m
[0.113s] [ 50%] [32mBuilding CXX object CMakeFiles/rtabmap_rviz_plugins.dir/include/rtabmap_rviz_plugins/moc_InfoDisplay.cpp.o[0m
[0.113s] [ 60%] [32mBuilding CXX object CMakeFiles/rtabmap_rviz_plugins.dir/include/rtabmap_rviz_plugins/moc_MapGraphDisplay.cpp.o[0m
[116.661s] [01m[Kc++:[m[K [01;31m[Kfatal error: [m[KKilled signal terminated program cc1plus
[116.661s] compilation terminated.
[116.669s] gmake[2]: *** [CMakeFiles/rtabmap_rviz_plugins.dir/build.make:88: CMakeFiles/rtabmap_rviz_plugins.dir/src/MapCloudDisplay.cpp.o] Error 1
[116.681s] gmake[2]: *** Waiting for unfinished jobs....
[118.596s] gmake[1]: *** [CMakeFiles/Makefile2:137: CMakeFiles/rtabmap_rviz_plugins.dir/all] Error 2
[118.596s] gmake: *** [Makefile:146: all] Error 2
[118.655s] Invoked command in '/SLAM/ros_ws/build/rtabmap_rviz_plugins' returned '2': AMENT_PREFIX_PATH=/SLAM/ros_ws/install/rtabmap_conversions:${AMENT_PREFIX_PATH} CMAKE_PREFIX_PATH=/SLAM/ros_ws/install/rtabmap_conversions:/opt/ros/humble:/SLAM/ros_ws/install/rtabmap_msgs:/SLAM/ros_ws/install/rtabmap LD_LIBRARY_PATH=/SLAM/ros_ws/install/rtabmap_conversions/lib:/SLAM/ros_ws/install/rtabmap_msgs/lib:/SLAM/ros_ws/install/rtabmap/lib:${LD_LIBRARY_PATH} PATH=/SLAM/ros_ws/install/rtabmap/bin:${PATH} PKG_CONFIG_PATH=/SLAM/ros_ws/install/rtabmap_msgs/lib/x86_64-linux-gnu/pkgconfig:/SLAM/ros_ws/install/rtabmap_msgs/lib/pkgconfig:/SLAM/ros_ws/install/rtabmap/lib/x86_64-linux-gnu/pkgconfig:/SLAM/ros_ws/install/rtabmap/lib/pkgconfig PYTHONPATH=/SLAM/ros_ws/install/rtabmap_msgs/local/lib/python3.10/dist-packages:${PYTHONPATH} ROS_PACKAGE_PATH=/SLAM/ros_ws/install/rtabmap_msgs/share /usr/bin/cmake --build /SLAM/ros_ws/build/rtabmap_rviz_plugins
